{"/Users/bryanwitherspoon/Desktop/Coding Projects/Clarity/src/components/DebugInfo.tsx": {"path":"/Users/bryanwitherspoon/Desktop/Coding Projects/Clarity/src/components/DebugInfo.tsx","statementMap":{"0":{"start":{"line":3,"column":17},"end":{"line":3,"column":null}},"1":{"start":{"line":5,"column":32},"end":{"line":17,"column":null}},"2":{"start":{"line":6,"column":4},"end":{"line":16,"column":null}},"3":{"start":{"line":7,"column":23},"end":{"line":12,"column":null}},"4":{"start":{"line":13,"column":6},"end":{"line":13,"column":null}},"5":{"start":{"line":15,"column":6},"end":{"line":15,"column":null}},"6":{"start":{"line":19,"column":2},"end":{"line":37,"column":null}}},"fnMap":{"0":{"name":"DebugInfo","decl":{"start":{"line":2,"column":24},"end":{"line":2,"column":36}},"loc":{"start":{"line":2,"column":36},"end":{"line":39,"column":null}},"line":2},"1":{"name":"(anonymous_1)","decl":{"start":{"line":5,"column":32},"end":{"line":5,"column":44}},"loc":{"start":{"line":5,"column":44},"end":{"line":17,"column":null}},"line":5}},"branchMap":{"0":{"loc":{"start":{"line":23,"column":25},"end":{"line":23,"column":null}},"type":"cond-expr","locations":[{"start":{"line":23,"column":34},"end":{"line":23,"column":42}},{"start":{"line":23,"column":42},"end":{"line":23,"column":null}}],"line":23},"1":{"loc":{"start":{"line":26,"column":30},"end":{"line":26,"column":null}},"type":"cond-expr","locations":[{"start":{"line":26,"column":39},"end":{"line":26,"column":73}},{"start":{"line":26,"column":73},"end":{"line":26,"column":null}}],"line":26}},"s":{"0":0,"1":0,"2":0,"3":0,"4":0,"5":0,"6":0},"f":{"0":0,"1":0},"b":{"0":[0,0],"1":[0,0]},"meta":{"lastBranch":2,"lastFunction":2,"lastStatement":7,"seen":{"f:2:24:2:36":0,"s:3:17:3:Infinity":0,"s:5:32:17:Infinity":1,"f:5:32:5:44":1,"s:6:4:16:Infinity":2,"s:7:23:12:Infinity":3,"s:13:6:13:Infinity":4,"s:15:6:15:Infinity":5,"s:19:2:37:Infinity":6,"b:23:34:23:42:23:42:23:Infinity":0,"b:26:39:26:73:26:73:26:Infinity":1}}}
,"/Users/bryanwitherspoon/Desktop/Coding Projects/Clarity/src/components/SimpleTest.tsx": {"path":"/Users/bryanwitherspoon/Desktop/Coding Projects/Clarity/src/components/SimpleTest.tsx","statementMap":{"0":{"start":{"line":5,"column":26},"end":{"line":5,"column":null}},"1":{"start":{"line":6,"column":28},"end":{"line":6,"column":null}},"2":{"start":{"line":7,"column":24},"end":{"line":7,"column":null}},"3":{"start":{"line":9,"column":24},"end":{"line":25,"column":null}},"4":{"start":{"line":10,"column":4},"end":{"line":10,"column":null}},"5":{"start":{"line":11,"column":4},"end":{"line":11,"column":null}},"6":{"start":{"line":12,"column":4},"end":{"line":12,"column":null}},"7":{"start":{"line":14,"column":4},"end":{"line":24,"column":null}},"8":{"start":{"line":15,"column":6},"end":{"line":15,"column":null}},"9":{"start":{"line":16,"column":23},"end":{"line":16,"column":null}},"10":{"start":{"line":17,"column":6},"end":{"line":17,"column":null}},"11":{"start":{"line":18,"column":6},"end":{"line":18,"column":null}},"12":{"start":{"line":20,"column":6},"end":{"line":20,"column":null}},"13":{"start":{"line":21,"column":6},"end":{"line":21,"column":null}},"14":{"start":{"line":23,"column":6},"end":{"line":23,"column":null}},"15":{"start":{"line":27,"column":2},"end":{"line":49,"column":null}}},"fnMap":{"0":{"name":"SimpleTest","decl":{"start":{"line":4,"column":24},"end":{"line":4,"column":37}},"loc":{"start":{"line":4,"column":37},"end":{"line":51,"column":null}},"line":4},"1":{"name":"(anonymous_1)","decl":{"start":{"line":9,"column":24},"end":{"line":9,"column":36}},"loc":{"start":{"line":9,"column":36},"end":{"line":25,"column":null}},"line":9}},"branchMap":{"0":{"loc":{"start":{"line":21,"column":15},"end":{"line":21,"column":67}},"type":"cond-expr","locations":[{"start":{"line":21,"column":38},"end":{"line":21,"column":52}},{"start":{"line":21,"column":52},"end":{"line":21,"column":67}}],"line":21},"1":{"loc":{"start":{"line":35,"column":9},"end":{"line":35,"column":null}},"type":"cond-expr","locations":[{"start":{"line":35,"column":19},"end":{"line":35,"column":34}},{"start":{"line":35,"column":34},"end":{"line":35,"column":null}}],"line":35},"2":{"loc":{"start":{"line":38,"column":7},"end":{"line":41,"column":null}},"type":"binary-expr","locations":[{"start":{"line":38,"column":7},"end":{"line":38,"column":null}},{"start":{"line":39,"column":8},"end":{"line":41,"column":null}}],"line":38},"3":{"loc":{"start":{"line":44,"column":7},"end":{"line":47,"column":null}},"type":"binary-expr","locations":[{"start":{"line":44,"column":7},"end":{"line":44,"column":null}},{"start":{"line":45,"column":8},"end":{"line":47,"column":null}}],"line":44}},"s":{"0":0,"1":0,"2":0,"3":0,"4":0,"5":0,"6":0,"7":0,"8":0,"9":0,"10":0,"11":0,"12":0,"13":0,"14":0,"15":0},"f":{"0":0,"1":0},"b":{"0":[0,0],"1":[0,0],"2":[0,0],"3":[0,0]},"meta":{"lastBranch":4,"lastFunction":2,"lastStatement":16,"seen":{"f:4:24:4:37":0,"s:5:26:5:Infinity":0,"s:6:28:6:Infinity":1,"s:7:24:7:Infinity":2,"s:9:24:25:Infinity":3,"f:9:24:9:36":1,"s:10:4:10:Infinity":4,"s:11:4:11:Infinity":5,"s:12:4:12:Infinity":6,"s:14:4:24:Infinity":7,"s:15:6:15:Infinity":8,"s:16:23:16:Infinity":9,"s:17:6:17:Infinity":10,"s:18:6:18:Infinity":11,"s:20:6:20:Infinity":12,"s:21:6:21:Infinity":13,"b:21:38:21:52:21:52:21:67":0,"s:23:6:23:Infinity":14,"s:27:2:49:Infinity":15,"b:35:19:35:34:35:34:35:Infinity":1,"b:38:7:38:Infinity:39:8:41:Infinity":2,"b:44:7:44:Infinity:45:8:47:Infinity":3}}}
,"/Users/bryanwitherspoon/Desktop/Coding Projects/Clarity/src/lib/firebase/DocumentService.ts": {"path":"/Users/bryanwitherspoon/Desktop/Coding Projects/Clarity/src/lib/firebase/DocumentService.ts","statementMap":{"0":{"start":{"line":25,"column":27},"end":{"line":25,"column":null}},"1":{"start":{"line":31,"column":4},"end":{"line":43,"column":null}},"2":{"start":{"line":32,"column":6},"end":{"line":32,"column":null}},"3":{"start":{"line":33,"column":21},"end":{"line":37,"column":null}},"4":{"start":{"line":38,"column":6},"end":{"line":38,"column":null}},"5":{"start":{"line":39,"column":6},"end":{"line":39,"column":null}},"6":{"start":{"line":41,"column":6},"end":{"line":41,"column":null}},"7":{"start":{"line":42,"column":6},"end":{"line":42,"column":null}},"8":{"start":{"line":50,"column":4},"end":{"line":88,"column":null}},"9":{"start":{"line":51,"column":6},"end":{"line":51,"column":null}},"10":{"start":{"line":52,"column":12},"end":{"line":55,"column":null}},"11":{"start":{"line":57,"column":28},"end":{"line":57,"column":null}},"12":{"start":{"line":58,"column":6},"end":{"line":58,"column":null}},"13":{"start":{"line":59,"column":36},"end":{"line":59,"column":null}},"14":{"start":{"line":61,"column":6},"end":{"line":76,"column":null}},"15":{"start":{"line":62,"column":21},"end":{"line":62,"column":null}},"16":{"start":{"line":63,"column":27},"end":{"line":63,"column":null}},"17":{"start":{"line":64,"column":26},"end":{"line":64,"column":null}},"18":{"start":{"line":66,"column":8},"end":{"line":75,"column":null}},"19":{"start":{"line":79,"column":6},"end":{"line":81,"column":null}},"20":{"start":{"line":80,"column":8},"end":{"line":80,"column":null}},"21":{"start":{"line":83,"column":6},"end":{"line":83,"column":null}},"22":{"start":{"line":84,"column":6},"end":{"line":84,"column":null}},"23":{"start":{"line":86,"column":6},"end":{"line":86,"column":null}},"24":{"start":{"line":87,"column":6},"end":{"line":87,"column":null}},"25":{"start":{"line":95,"column":4},"end":{"line":120,"column":null}},"26":{"start":{"line":96,"column":12},"end":{"line":96,"column":null}},"27":{"start":{"line":97,"column":22},"end":{"line":97,"column":null}},"28":{"start":{"line":99,"column":6},"end":{"line":101,"column":null}},"29":{"start":{"line":100,"column":8},"end":{"line":100,"column":null}},"30":{"start":{"line":103,"column":19},"end":{"line":103,"column":null}},"31":{"start":{"line":104,"column":25},"end":{"line":104,"column":null}},"32":{"start":{"line":105,"column":24},"end":{"line":105,"column":null}},"33":{"start":{"line":107,"column":6},"end":{"line":116,"column":null}},"34":{"start":{"line":118,"column":6},"end":{"line":118,"column":null}},"35":{"start":{"line":119,"column":6},"end":{"line":119,"column":null}},"36":{"start":{"line":127,"column":4},"end":{"line":134,"column":null}},"37":{"start":{"line":128,"column":12},"end":{"line":128,"column":null}},"38":{"start":{"line":129,"column":6},"end":{"line":129,"column":null}},"39":{"start":{"line":130,"column":6},"end":{"line":130,"column":null}},"40":{"start":{"line":132,"column":6},"end":{"line":132,"column":null}},"41":{"start":{"line":133,"column":6},"end":{"line":133,"column":null}},"42":{"start":{"line":141,"column":4},"end":{"line":172,"column":null}},"43":{"start":{"line":142,"column":12},"end":{"line":146,"column":null}},"44":{"start":{"line":148,"column":28},"end":{"line":148,"column":null}},"45":{"start":{"line":150,"column":6},"end":{"line":152,"column":null}},"46":{"start":{"line":151,"column":8},"end":{"line":151,"column":null}},"47":{"start":{"line":154,"column":18},"end":{"line":154,"column":null}},"48":{"start":{"line":155,"column":19},"end":{"line":155,"column":null}},"49":{"start":{"line":156,"column":25},"end":{"line":156,"column":null}},"50":{"start":{"line":157,"column":24},"end":{"line":157,"column":null}},"51":{"start":{"line":159,"column":6},"end":{"line":168,"column":null}},"52":{"start":{"line":170,"column":6},"end":{"line":170,"column":null}},"53":{"start":{"line":171,"column":6},"end":{"line":171,"column":null}}},"fnMap":{"0":{"name":"(anonymous_0)","decl":{"start":{"line":30,"column":8},"end":{"line":30,"column":23}},"loc":{"start":{"line":30,"column":72},"end":{"line":44,"column":null}},"line":30},"1":{"name":"(anonymous_1)","decl":{"start":{"line":49,"column":8},"end":{"line":49,"column":25}},"loc":{"start":{"line":49,"column":62},"end":{"line":89,"column":null}},"line":49},"2":{"name":"(anonymous_2)","decl":{"start":{"line":61,"column":28},"end":{"line":61,"column":29}},"loc":{"start":{"line":61,"column":37},"end":{"line":76,"column":7}},"line":61},"3":{"name":"(anonymous_3)","decl":{"start":{"line":79,"column":21},"end":{"line":79,"column":22}},"loc":{"start":{"line":80,"column":8},"end":{"line":80,"column":null}},"line":80},"4":{"name":"(anonymous_4)","decl":{"start":{"line":94,"column":8},"end":{"line":94,"column":24}},"loc":{"start":{"line":94,"column":70},"end":{"line":121,"column":null}},"line":94},"5":{"name":"(anonymous_5)","decl":{"start":{"line":126,"column":8},"end":{"line":126,"column":23}},"loc":{"start":{"line":126,"column":58},"end":{"line":135,"column":null}},"line":126},"6":{"name":"(anonymous_6)","decl":{"start":{"line":140,"column":8},"end":{"line":140,"column":30}},"loc":{"start":{"line":140,"column":90},"end":{"line":173,"column":null}},"line":140}},"branchMap":{"0":{"loc":{"start":{"line":63,"column":27},"end":{"line":63,"column":null}},"type":"cond-expr","locations":[{"start":{"line":63,"column":53},"end":{"line":63,"column":80}},{"start":{"line":63,"column":80},"end":{"line":63,"column":null}}],"line":63},"1":{"loc":{"start":{"line":64,"column":26},"end":{"line":64,"column":null}},"type":"cond-expr","locations":[{"start":{"line":64,"column":51},"end":{"line":64,"column":77}},{"start":{"line":64,"column":77},"end":{"line":64,"column":null}}],"line":64},"2":{"loc":{"start":{"line":99,"column":6},"end":{"line":101,"column":null}},"type":"if","locations":[{"start":{"line":99,"column":6},"end":{"line":101,"column":null}},{"start":{},"end":{}}],"line":99},"3":{"loc":{"start":{"line":104,"column":25},"end":{"line":104,"column":null}},"type":"cond-expr","locations":[{"start":{"line":104,"column":51},"end":{"line":104,"column":78}},{"start":{"line":104,"column":78},"end":{"line":104,"column":null}}],"line":104},"4":{"loc":{"start":{"line":105,"column":24},"end":{"line":105,"column":null}},"type":"cond-expr","locations":[{"start":{"line":105,"column":49},"end":{"line":105,"column":75}},{"start":{"line":105,"column":75},"end":{"line":105,"column":null}}],"line":105},"5":{"loc":{"start":{"line":150,"column":6},"end":{"line":152,"column":null}},"type":"if","locations":[{"start":{"line":150,"column":6},"end":{"line":152,"column":null}},{"start":{},"end":{}}],"line":150},"6":{"loc":{"start":{"line":156,"column":25},"end":{"line":156,"column":null}},"type":"cond-expr","locations":[{"start":{"line":156,"column":51},"end":{"line":156,"column":78}},{"start":{"line":156,"column":78},"end":{"line":156,"column":null}}],"line":156},"7":{"loc":{"start":{"line":157,"column":24},"end":{"line":157,"column":null}},"type":"cond-expr","locations":[{"start":{"line":157,"column":49},"end":{"line":157,"column":75}},{"start":{"line":157,"column":75},"end":{"line":157,"column":null}}],"line":157}},"s":{"0":1,"1":0,"2":0,"3":0,"4":0,"5":0,"6":0,"7":0,"8":0,"9":0,"10":0,"11":0,"12":0,"13":0,"14":0,"15":0,"16":0,"17":0,"18":0,"19":0,"20":0,"21":0,"22":0,"23":0,"24":0,"25":0,"26":0,"27":0,"28":0,"29":0,"30":0,"31":0,"32":0,"33":0,"34":0,"35":0,"36":0,"37":0,"38":0,"39":0,"40":0,"41":0,"42":0,"43":0,"44":0,"45":0,"46":0,"47":0,"48":0,"49":0,"50":0,"51":0,"52":0,"53":0},"f":{"0":0,"1":0,"2":0,"3":0,"4":0,"5":0,"6":0},"b":{"0":[0,0],"1":[0,0],"2":[0,0],"3":[0,0],"4":[0,0],"5":[0,0],"6":[0,0],"7":[0,0]},"meta":{"lastBranch":8,"lastFunction":7,"lastStatement":54,"seen":{"s:25:27:25:Infinity":0,"f:30:8:30:23":0,"s:31:4:43:Infinity":1,"s:32:6:32:Infinity":2,"s:33:21:37:Infinity":3,"s:38:6:38:Infinity":4,"s:39:6:39:Infinity":5,"s:41:6:41:Infinity":6,"s:42:6:42:Infinity":7,"f:49:8:49:25":1,"s:50:4:88:Infinity":8,"s:51:6:51:Infinity":9,"s:52:12:55:Infinity":10,"s:57:28:57:Infinity":11,"s:58:6:58:Infinity":12,"s:59:36:59:Infinity":13,"s:61:6:76:Infinity":14,"f:61:28:61:29":2,"s:62:21:62:Infinity":15,"s:63:27:63:Infinity":16,"b:63:53:63:80:63:80:63:Infinity":0,"s:64:26:64:Infinity":17,"b:64:51:64:77:64:77:64:Infinity":1,"s:66:8:75:Infinity":18,"s:79:6:81:Infinity":19,"f:79:21:79:22":3,"s:80:8:80:Infinity":20,"s:83:6:83:Infinity":21,"s:84:6:84:Infinity":22,"s:86:6:86:Infinity":23,"s:87:6:87:Infinity":24,"f:94:8:94:24":4,"s:95:4:120:Infinity":25,"s:96:12:96:Infinity":26,"s:97:22:97:Infinity":27,"b:99:6:101:Infinity:undefined:undefined:undefined:undefined":2,"s:99:6:101:Infinity":28,"s:100:8:100:Infinity":29,"s:103:19:103:Infinity":30,"s:104:25:104:Infinity":31,"b:104:51:104:78:104:78:104:Infinity":3,"s:105:24:105:Infinity":32,"b:105:49:105:75:105:75:105:Infinity":4,"s:107:6:116:Infinity":33,"s:118:6:118:Infinity":34,"s:119:6:119:Infinity":35,"f:126:8:126:23":5,"s:127:4:134:Infinity":36,"s:128:12:128:Infinity":37,"s:129:6:129:Infinity":38,"s:130:6:130:Infinity":39,"s:132:6:132:Infinity":40,"s:133:6:133:Infinity":41,"f:140:8:140:30":6,"s:141:4:172:Infinity":42,"s:142:12:146:Infinity":43,"s:148:28:148:Infinity":44,"b:150:6:152:Infinity:undefined:undefined:undefined:undefined":5,"s:150:6:152:Infinity":45,"s:151:8:151:Infinity":46,"s:154:18:154:Infinity":47,"s:155:19:155:Infinity":48,"s:156:25:156:Infinity":49,"b:156:51:156:78:156:78:156:Infinity":6,"s:157:24:157:Infinity":50,"b:157:49:157:75:157:75:157:Infinity":7,"s:159:6:168:Infinity":51,"s:170:6:170:Infinity":52,"s:171:6:171:Infinity":53}}}
,"/Users/bryanwitherspoon/Desktop/Coding Projects/Clarity/src/lib/firebase/SummaryService.ts": {"path":"/Users/bryanwitherspoon/Desktop/Coding Projects/Clarity/src/lib/firebase/SummaryService.ts","statementMap":{"0":{"start":{"line":27,"column":27},"end":{"line":27,"column":null}},"1":{"start":{"line":33,"column":4},"end":{"line":46,"column":null}},"2":{"start":{"line":34,"column":6},"end":{"line":34,"column":null}},"3":{"start":{"line":35,"column":21},"end":{"line":40,"column":null}},"4":{"start":{"line":41,"column":6},"end":{"line":41,"column":null}},"5":{"start":{"line":42,"column":6},"end":{"line":42,"column":null}},"6":{"start":{"line":44,"column":6},"end":{"line":44,"column":null}},"7":{"start":{"line":45,"column":6},"end":{"line":45,"column":null}},"8":{"start":{"line":53,"column":4},"end":{"line":93,"column":null}},"9":{"start":{"line":54,"column":6},"end":{"line":54,"column":null}},"10":{"start":{"line":56,"column":12},"end":{"line":59,"column":null}},"11":{"start":{"line":61,"column":28},"end":{"line":61,"column":null}},"12":{"start":{"line":62,"column":6},"end":{"line":62,"column":null}},"13":{"start":{"line":63,"column":35},"end":{"line":63,"column":null}},"14":{"start":{"line":65,"column":6},"end":{"line":81,"column":null}},"15":{"start":{"line":66,"column":21},"end":{"line":66,"column":null}},"16":{"start":{"line":67,"column":26},"end":{"line":67,"column":null}},"17":{"start":{"line":68,"column":26},"end":{"line":68,"column":null}},"18":{"start":{"line":70,"column":8},"end":{"line":80,"column":null}},"19":{"start":{"line":84,"column":6},"end":{"line":86,"column":null}},"20":{"start":{"line":85,"column":8},"end":{"line":85,"column":null}},"21":{"start":{"line":88,"column":6},"end":{"line":88,"column":null}},"22":{"start":{"line":89,"column":6},"end":{"line":89,"column":null}},"23":{"start":{"line":91,"column":6},"end":{"line":91,"column":null}},"24":{"start":{"line":92,"column":6},"end":{"line":92,"column":null}},"25":{"start":{"line":100,"column":4},"end":{"line":132,"column":null}},"26":{"start":{"line":101,"column":12},"end":{"line":105,"column":null}},"27":{"start":{"line":107,"column":28},"end":{"line":107,"column":null}},"28":{"start":{"line":109,"column":6},"end":{"line":111,"column":null}},"29":{"start":{"line":110,"column":8},"end":{"line":110,"column":null}},"30":{"start":{"line":113,"column":18},"end":{"line":113,"column":null}},"31":{"start":{"line":114,"column":19},"end":{"line":114,"column":null}},"32":{"start":{"line":115,"column":24},"end":{"line":115,"column":null}},"33":{"start":{"line":116,"column":24},"end":{"line":116,"column":null}},"34":{"start":{"line":118,"column":6},"end":{"line":128,"column":null}},"35":{"start":{"line":130,"column":6},"end":{"line":130,"column":null}},"36":{"start":{"line":131,"column":6},"end":{"line":131,"column":null}},"37":{"start":{"line":139,"column":4},"end":{"line":165,"column":null}},"38":{"start":{"line":140,"column":12},"end":{"line":140,"column":null}},"39":{"start":{"line":141,"column":22},"end":{"line":141,"column":null}},"40":{"start":{"line":143,"column":6},"end":{"line":145,"column":null}},"41":{"start":{"line":144,"column":8},"end":{"line":144,"column":null}},"42":{"start":{"line":147,"column":19},"end":{"line":147,"column":null}},"43":{"start":{"line":148,"column":24},"end":{"line":148,"column":null}},"44":{"start":{"line":149,"column":24},"end":{"line":149,"column":null}},"45":{"start":{"line":151,"column":6},"end":{"line":161,"column":null}},"46":{"start":{"line":163,"column":6},"end":{"line":163,"column":null}},"47":{"start":{"line":164,"column":6},"end":{"line":164,"column":null}},"48":{"start":{"line":172,"column":4},"end":{"line":182,"column":null}},"49":{"start":{"line":173,"column":12},"end":{"line":173,"column":null}},"50":{"start":{"line":174,"column":6},"end":{"line":177,"column":null}},"51":{"start":{"line":178,"column":6},"end":{"line":178,"column":null}},"52":{"start":{"line":180,"column":6},"end":{"line":180,"column":null}},"53":{"start":{"line":181,"column":6},"end":{"line":181,"column":null}},"54":{"start":{"line":189,"column":4},"end":{"line":196,"column":null}},"55":{"start":{"line":190,"column":12},"end":{"line":190,"column":null}},"56":{"start":{"line":191,"column":6},"end":{"line":191,"column":null}},"57":{"start":{"line":192,"column":6},"end":{"line":192,"column":null}},"58":{"start":{"line":194,"column":6},"end":{"line":194,"column":null}},"59":{"start":{"line":195,"column":6},"end":{"line":195,"column":null}},"60":{"start":{"line":203,"column":4},"end":{"line":210,"column":null}},"61":{"start":{"line":204,"column":24},"end":{"line":204,"column":null}},"62":{"start":{"line":205,"column":30},"end":{"line":205,"column":null}},"63":{"start":{"line":205,"column":68},"end":{"line":205,"column":78}},"64":{"start":{"line":206,"column":6},"end":{"line":206,"column":null}},"65":{"start":{"line":208,"column":6},"end":{"line":208,"column":null}},"66":{"start":{"line":209,"column":6},"end":{"line":209,"column":null}},"67":{"start":{"line":217,"column":4},"end":{"line":223,"column":null}},"68":{"start":{"line":218,"column":24},"end":{"line":218,"column":null}},"69":{"start":{"line":219,"column":6},"end":{"line":219,"column":null}},"70":{"start":{"line":219,"column":35},"end":{"line":219,"column":58}},"71":{"start":{"line":221,"column":6},"end":{"line":221,"column":null}},"72":{"start":{"line":222,"column":6},"end":{"line":222,"column":null}}},"fnMap":{"0":{"name":"(anonymous_0)","decl":{"start":{"line":32,"column":8},"end":{"line":32,"column":20}},"loc":{"start":{"line":32,"column":67},"end":{"line":47,"column":null}},"line":32},"1":{"name":"(anonymous_1)","decl":{"start":{"line":52,"column":8},"end":{"line":52,"column":25}},"loc":{"start":{"line":52,"column":61},"end":{"line":94,"column":null}},"line":52},"2":{"name":"(anonymous_2)","decl":{"start":{"line":65,"column":28},"end":{"line":65,"column":29}},"loc":{"start":{"line":65,"column":37},"end":{"line":81,"column":7}},"line":65},"3":{"name":"(anonymous_3)","decl":{"start":{"line":84,"column":21},"end":{"line":84,"column":22}},"loc":{"start":{"line":85,"column":8},"end":{"line":85,"column":null}},"line":85},"4":{"name":"(anonymous_4)","decl":{"start":{"line":99,"column":8},"end":{"line":99,"column":29}},"loc":{"start":{"line":99,"column":88},"end":{"line":133,"column":null}},"line":99},"5":{"name":"(anonymous_5)","decl":{"start":{"line":138,"column":8},"end":{"line":138,"column":23}},"loc":{"start":{"line":138,"column":67},"end":{"line":166,"column":null}},"line":138},"6":{"name":"(anonymous_6)","decl":{"start":{"line":171,"column":8},"end":{"line":171,"column":22}},"loc":{"start":{"line":171,"column":83},"end":{"line":183,"column":null}},"line":171},"7":{"name":"(anonymous_7)","decl":{"start":{"line":188,"column":8},"end":{"line":188,"column":22}},"loc":{"start":{"line":188,"column":56},"end":{"line":197,"column":null}},"line":188},"8":{"name":"(anonymous_8)","decl":{"start":{"line":202,"column":8},"end":{"line":202,"column":27}},"loc":{"start":{"line":202,"column":62},"end":{"line":211,"column":null}},"line":202},"9":{"name":"(anonymous_9)","decl":{"start":{"line":205,"column":63},"end":{"line":205,"column":68}},"loc":{"start":{"line":205,"column":68},"end":{"line":205,"column":78}},"line":205},"10":{"name":"(anonymous_10)","decl":{"start":{"line":216,"column":8},"end":{"line":216,"column":31}},"loc":{"start":{"line":216,"column":85},"end":{"line":224,"column":null}},"line":216},"11":{"name":"(anonymous_11)","decl":{"start":{"line":219,"column":30},"end":{"line":219,"column":35}},"loc":{"start":{"line":219,"column":35},"end":{"line":219,"column":58}},"line":219}},"branchMap":{"0":{"loc":{"start":{"line":67,"column":26},"end":{"line":67,"column":null}},"type":"cond-expr","locations":[{"start":{"line":67,"column":51},"end":{"line":67,"column":77}},{"start":{"line":67,"column":77},"end":{"line":67,"column":null}}],"line":67},"1":{"loc":{"start":{"line":68,"column":26},"end":{"line":68,"column":null}},"type":"cond-expr","locations":[{"start":{"line":68,"column":51},"end":{"line":68,"column":77}},{"start":{"line":68,"column":77},"end":{"line":68,"column":null}}],"line":68},"2":{"loc":{"start":{"line":109,"column":6},"end":{"line":111,"column":null}},"type":"if","locations":[{"start":{"line":109,"column":6},"end":{"line":111,"column":null}},{"start":{},"end":{}}],"line":109},"3":{"loc":{"start":{"line":115,"column":24},"end":{"line":115,"column":null}},"type":"cond-expr","locations":[{"start":{"line":115,"column":49},"end":{"line":115,"column":75}},{"start":{"line":115,"column":75},"end":{"line":115,"column":null}}],"line":115},"4":{"loc":{"start":{"line":116,"column":24},"end":{"line":116,"column":null}},"type":"cond-expr","locations":[{"start":{"line":116,"column":49},"end":{"line":116,"column":75}},{"start":{"line":116,"column":75},"end":{"line":116,"column":null}}],"line":116},"5":{"loc":{"start":{"line":143,"column":6},"end":{"line":145,"column":null}},"type":"if","locations":[{"start":{"line":143,"column":6},"end":{"line":145,"column":null}},{"start":{},"end":{}}],"line":143},"6":{"loc":{"start":{"line":148,"column":24},"end":{"line":148,"column":null}},"type":"cond-expr","locations":[{"start":{"line":148,"column":49},"end":{"line":148,"column":75}},{"start":{"line":148,"column":75},"end":{"line":148,"column":null}}],"line":148},"7":{"loc":{"start":{"line":149,"column":24},"end":{"line":149,"column":null}},"type":"cond-expr","locations":[{"start":{"line":149,"column":49},"end":{"line":149,"column":75}},{"start":{"line":149,"column":75},"end":{"line":149,"column":null}}],"line":149}},"s":{"0":1,"1":0,"2":0,"3":0,"4":0,"5":0,"6":0,"7":0,"8":0,"9":0,"10":0,"11":0,"12":0,"13":0,"14":0,"15":0,"16":0,"17":0,"18":0,"19":0,"20":0,"21":0,"22":0,"23":0,"24":0,"25":0,"26":0,"27":0,"28":0,"29":0,"30":0,"31":0,"32":0,"33":0,"34":0,"35":0,"36":0,"37":0,"38":0,"39":0,"40":0,"41":0,"42":0,"43":0,"44":0,"45":0,"46":0,"47":0,"48":0,"49":0,"50":0,"51":0,"52":0,"53":0,"54":0,"55":0,"56":0,"57":0,"58":0,"59":0,"60":0,"61":0,"62":0,"63":0,"64":0,"65":0,"66":0,"67":0,"68":0,"69":0,"70":0,"71":0,"72":0},"f":{"0":0,"1":0,"2":0,"3":0,"4":0,"5":0,"6":0,"7":0,"8":0,"9":0,"10":0,"11":0},"b":{"0":[0,0],"1":[0,0],"2":[0,0],"3":[0,0],"4":[0,0],"5":[0,0],"6":[0,0],"7":[0,0]},"meta":{"lastBranch":8,"lastFunction":12,"lastStatement":73,"seen":{"s:27:27:27:Infinity":0,"f:32:8:32:20":0,"s:33:4:46:Infinity":1,"s:34:6:34:Infinity":2,"s:35:21:40:Infinity":3,"s:41:6:41:Infinity":4,"s:42:6:42:Infinity":5,"s:44:6:44:Infinity":6,"s:45:6:45:Infinity":7,"f:52:8:52:25":1,"s:53:4:93:Infinity":8,"s:54:6:54:Infinity":9,"s:56:12:59:Infinity":10,"s:61:28:61:Infinity":11,"s:62:6:62:Infinity":12,"s:63:35:63:Infinity":13,"s:65:6:81:Infinity":14,"f:65:28:65:29":2,"s:66:21:66:Infinity":15,"s:67:26:67:Infinity":16,"b:67:51:67:77:67:77:67:Infinity":0,"s:68:26:68:Infinity":17,"b:68:51:68:77:68:77:68:Infinity":1,"s:70:8:80:Infinity":18,"s:84:6:86:Infinity":19,"f:84:21:84:22":3,"s:85:8:85:Infinity":20,"s:88:6:88:Infinity":21,"s:89:6:89:Infinity":22,"s:91:6:91:Infinity":23,"s:92:6:92:Infinity":24,"f:99:8:99:29":4,"s:100:4:132:Infinity":25,"s:101:12:105:Infinity":26,"s:107:28:107:Infinity":27,"b:109:6:111:Infinity:undefined:undefined:undefined:undefined":2,"s:109:6:111:Infinity":28,"s:110:8:110:Infinity":29,"s:113:18:113:Infinity":30,"s:114:19:114:Infinity":31,"s:115:24:115:Infinity":32,"b:115:49:115:75:115:75:115:Infinity":3,"s:116:24:116:Infinity":33,"b:116:49:116:75:116:75:116:Infinity":4,"s:118:6:128:Infinity":34,"s:130:6:130:Infinity":35,"s:131:6:131:Infinity":36,"f:138:8:138:23":5,"s:139:4:165:Infinity":37,"s:140:12:140:Infinity":38,"s:141:22:141:Infinity":39,"b:143:6:145:Infinity:undefined:undefined:undefined:undefined":5,"s:143:6:145:Infinity":40,"s:144:8:144:Infinity":41,"s:147:19:147:Infinity":42,"s:148:24:148:Infinity":43,"b:148:49:148:75:148:75:148:Infinity":6,"s:149:24:149:Infinity":44,"b:149:49:149:75:149:75:149:Infinity":7,"s:151:6:161:Infinity":45,"s:163:6:163:Infinity":46,"s:164:6:164:Infinity":47,"f:171:8:171:22":6,"s:172:4:182:Infinity":48,"s:173:12:173:Infinity":49,"s:174:6:177:Infinity":50,"s:178:6:178:Infinity":51,"s:180:6:180:Infinity":52,"s:181:6:181:Infinity":53,"f:188:8:188:22":7,"s:189:4:196:Infinity":54,"s:190:12:190:Infinity":55,"s:191:6:191:Infinity":56,"s:192:6:192:Infinity":57,"s:194:6:194:Infinity":58,"s:195:6:195:Infinity":59,"f:202:8:202:27":8,"s:203:4:210:Infinity":60,"s:204:24:204:Infinity":61,"s:205:30:205:Infinity":62,"f:205:63:205:68":9,"s:205:68:205:78":63,"s:206:6:206:Infinity":64,"s:208:6:208:Infinity":65,"s:209:6:209:Infinity":66,"f:216:8:216:31":10,"s:217:4:223:Infinity":67,"s:218:24:218:Infinity":68,"s:219:6:219:Infinity":69,"f:219:30:219:35":11,"s:219:35:219:58":70,"s:221:6:221:Infinity":71,"s:222:6:222:Infinity":72}}}
,"/Users/bryanwitherspoon/Desktop/Coding Projects/Clarity/src/pages/NotesPage.tsx": {"path":"/Users/bryanwitherspoon/Desktop/Coding Projects/Clarity/src/pages/NotesPage.tsx","statementMap":{"0":{"start":{"line":17,"column":38},"end":{"line":17,"column":null}},"1":{"start":{"line":18,"column":32},"end":{"line":18,"column":null}},"2":{"start":{"line":19,"column":28},"end":{"line":19,"column":null}},"3":{"start":{"line":20,"column":32},"end":{"line":20,"column":null}},"4":{"start":{"line":21,"column":24},"end":{"line":21,"column":null}},"5":{"start":{"line":22,"column":40},"end":{"line":22,"column":null}},"6":{"start":{"line":23,"column":26},"end":{"line":23,"column":null}},"7":{"start":{"line":24,"column":42},"end":{"line":24,"column":null}},"8":{"start":{"line":25,"column":30},"end":{"line":25,"column":null}},"9":{"start":{"line":28,"column":21},"end":{"line":28,"column":null}},"10":{"start":{"line":31,"column":2},"end":{"line":38,"column":null}},"11":{"start":{"line":32,"column":24},"end":{"line":36,"column":null}},"12":{"start":{"line":33,"column":6},"end":{"line":35,"column":null}},"13":{"start":{"line":34,"column":8},"end":{"line":34,"column":null}},"14":{"start":{"line":37,"column":4},"end":{"line":37,"column":null}},"15":{"start":{"line":40,"column":38},"end":{"line":45,"column":null}},"16":{"start":{"line":41,"column":4},"end":{"line":41,"column":null}},"17":{"start":{"line":42,"column":4},"end":{"line":42,"column":null}},"18":{"start":{"line":43,"column":4},"end":{"line":43,"column":null}},"19":{"start":{"line":44,"column":4},"end":{"line":44,"column":null}},"20":{"start":{"line":47,"column":27},"end":{"line":51,"column":null}},"21":{"start":{"line":48,"column":4},"end":{"line":48,"column":null}},"22":{"start":{"line":49,"column":4},"end":{"line":49,"column":null}},"23":{"start":{"line":50,"column":4},"end":{"line":50,"column":null}},"24":{"start":{"line":53,"column":34},"end":{"line":136,"column":null}},"25":{"start":{"line":54,"column":4},"end":{"line":57,"column":null}},"26":{"start":{"line":55,"column":6},"end":{"line":55,"column":null}},"27":{"start":{"line":56,"column":6},"end":{"line":56,"column":null}},"28":{"start":{"line":59,"column":4},"end":{"line":62,"column":null}},"29":{"start":{"line":60,"column":6},"end":{"line":60,"column":null}},"30":{"start":{"line":61,"column":6},"end":{"line":61,"column":null}},"31":{"start":{"line":64,"column":4},"end":{"line":64,"column":null}},"32":{"start":{"line":66,"column":4},"end":{"line":66,"column":null}},"33":{"start":{"line":67,"column":4},"end":{"line":67,"column":null}},"34":{"start":{"line":68,"column":4},"end":{"line":68,"column":null}},"35":{"start":{"line":71,"column":29},"end":{"line":76,"column":null}},"36":{"start":{"line":72,"column":6},"end":{"line":75,"column":null}},"37":{"start":{"line":73,"column":8},"end":{"line":73,"column":null}},"38":{"start":{"line":73,"column":24},"end":{"line":73,"column":null}},"39":{"start":{"line":74,"column":8},"end":{"line":74,"column":null}},"40":{"start":{"line":78,"column":4},"end":{"line":135,"column":null}},"41":{"start":{"line":79,"column":21},"end":{"line":79,"column":null}},"42":{"start":{"line":80,"column":6},"end":{"line":80,"column":null}},"43":{"start":{"line":81,"column":6},"end":{"line":81,"column":null}},"44":{"start":{"line":82,"column":6},"end":{"line":82,"column":null}},"45":{"start":{"line":85,"column":6},"end":{"line":126,"column":null}},"46":{"start":{"line":86,"column":25},"end":{"line":86,"column":null}},"47":{"start":{"line":87,"column":8},"end":{"line":87,"column":null}},"48":{"start":{"line":88,"column":8},"end":{"line":97,"column":null}},"49":{"start":{"line":98,"column":8},"end":{"line":98,"column":null}},"50":{"start":{"line":101,"column":8},"end":{"line":115,"column":null}},"51":{"start":{"line":102,"column":10},"end":{"line":110,"column":null}},"52":{"start":{"line":111,"column":10},"end":{"line":111,"column":null}},"53":{"start":{"line":113,"column":10},"end":{"line":113,"column":null}},"54":{"start":{"line":117,"column":8},"end":{"line":117,"column":null}},"55":{"start":{"line":119,"column":8},"end":{"line":119,"column":null}},"56":{"start":{"line":119,"column":34},"end":{"line":119,"column":42}},"57":{"start":{"line":121,"column":8},"end":{"line":121,"column":null}},"58":{"start":{"line":122,"column":25},"end":{"line":122,"column":null}},"59":{"start":{"line":123,"column":8},"end":{"line":123,"column":null}},"60":{"start":{"line":125,"column":8},"end":{"line":125,"column":null}},"61":{"start":{"line":128,"column":6},"end":{"line":128,"column":null}},"62":{"start":{"line":129,"column":27},"end":{"line":129,"column":null}},"63":{"start":{"line":130,"column":6},"end":{"line":130,"column":null}},"64":{"start":{"line":132,"column":6},"end":{"line":132,"column":null}},"65":{"start":{"line":133,"column":6},"end":{"line":133,"column":null}},"66":{"start":{"line":134,"column":6},"end":{"line":134,"column":null}},"67":{"start":{"line":134,"column":23},"end":{"line":134,"column":39}},"68":{"start":{"line":138,"column":34},"end":{"line":200,"column":null}},"69":{"start":{"line":139,"column":4},"end":{"line":142,"column":null}},"70":{"start":{"line":140,"column":6},"end":{"line":140,"column":null}},"71":{"start":{"line":141,"column":6},"end":{"line":141,"column":null}},"72":{"start":{"line":144,"column":4},"end":{"line":147,"column":null}},"73":{"start":{"line":145,"column":6},"end":{"line":145,"column":null}},"74":{"start":{"line":146,"column":6},"end":{"line":146,"column":null}},"75":{"start":{"line":149,"column":4},"end":{"line":149,"column":null}},"76":{"start":{"line":150,"column":4},"end":{"line":150,"column":null}},"77":{"start":{"line":151,"column":4},"end":{"line":151,"column":null}},"78":{"start":{"line":154,"column":29},"end":{"line":159,"column":null}},"79":{"start":{"line":155,"column":6},"end":{"line":158,"column":null}},"80":{"start":{"line":156,"column":8},"end":{"line":156,"column":null}},"81":{"start":{"line":156,"column":24},"end":{"line":156,"column":null}},"82":{"start":{"line":157,"column":8},"end":{"line":157,"column":null}},"83":{"start":{"line":161,"column":4},"end":{"line":199,"column":null}},"84":{"start":{"line":162,"column":21},"end":{"line":162,"column":null}},"85":{"start":{"line":163,"column":6},"end":{"line":163,"column":null}},"86":{"start":{"line":164,"column":6},"end":{"line":164,"column":null}},"87":{"start":{"line":167,"column":6},"end":{"line":190,"column":null}},"88":{"start":{"line":168,"column":25},"end":{"line":168,"column":null}},"89":{"start":{"line":169,"column":8},"end":{"line":169,"column":null}},"90":{"start":{"line":170,"column":8},"end":{"line":179,"column":null}},"91":{"start":{"line":180,"column":8},"end":{"line":180,"column":null}},"92":{"start":{"line":181,"column":8},"end":{"line":181,"column":null}},"93":{"start":{"line":183,"column":8},"end":{"line":183,"column":null}},"94":{"start":{"line":183,"column":34},"end":{"line":183,"column":42}},"95":{"start":{"line":185,"column":8},"end":{"line":185,"column":null}},"96":{"start":{"line":186,"column":25},"end":{"line":186,"column":null}},"97":{"start":{"line":187,"column":8},"end":{"line":187,"column":null}},"98":{"start":{"line":189,"column":8},"end":{"line":189,"column":null}},"99":{"start":{"line":192,"column":6},"end":{"line":192,"column":null}},"100":{"start":{"line":193,"column":27},"end":{"line":193,"column":null}},"101":{"start":{"line":194,"column":6},"end":{"line":194,"column":null}},"102":{"start":{"line":196,"column":6},"end":{"line":196,"column":null}},"103":{"start":{"line":197,"column":6},"end":{"line":197,"column":null}},"104":{"start":{"line":198,"column":6},"end":{"line":198,"column":null}},"105":{"start":{"line":198,"column":23},"end":{"line":198,"column":39}},"106":{"start":{"line":202,"column":2},"end":{"line":361,"column":null}},"107":{"start":{"line":249,"column":29},"end":{"line":249,"column":null}},"108":{"start":{"line":259,"column":29},"end":{"line":259,"column":null}},"109":{"start":{"line":290,"column":33},"end":{"line":290,"column":null}},"110":{"start":{"line":320,"column":20},"end":{"line":320,"column":null}},"111":{"start":{"line":323,"column":20},"end":{"line":323,"column":null}},"112":{"start":{"line":326,"column":20},"end":{"line":326,"column":null}},"113":{"start":{"line":329,"column":20},"end":{"line":329,"column":null}},"114":{"start":{"line":332,"column":20},"end":{"line":332,"column":null}},"115":{"start":{"line":335,"column":20},"end":{"line":335,"column":null}},"116":{"start":{"line":338,"column":20},"end":{"line":338,"column":null}},"117":{"start":{"line":341,"column":20},"end":{"line":341,"column":null}},"118":{"start":{"line":344,"column":20},"end":{"line":344,"column":null}},"119":{"start":{"line":347,"column":20},"end":{"line":347,"column":null}},"120":{"start":{"line":350,"column":20},"end":{"line":350,"column":null}}},"fnMap":{"0":{"name":"NotesPage","decl":{"start":{"line":16,"column":24},"end":{"line":16,"column":36}},"loc":{"start":{"line":16,"column":36},"end":{"line":363,"column":null}},"line":16},"1":{"name":"(anonymous_1)","decl":{"start":{"line":31,"column":12},"end":{"line":31,"column":18}},"loc":{"start":{"line":31,"column":18},"end":{"line":38,"column":5}},"line":31},"2":{"name":"(anonymous_2)","decl":{"start":{"line":32,"column":48},"end":{"line":32,"column":49}},"loc":{"start":{"line":32,"column":58},"end":{"line":36,"column":5}},"line":32},"3":{"name":"(anonymous_3)","decl":{"start":{"line":40,"column":38},"end":{"line":40,"column":39}},"loc":{"start":{"line":40,"column":64},"end":{"line":45,"column":null}},"line":40},"4":{"name":"(anonymous_4)","decl":{"start":{"line":47,"column":27},"end":{"line":47,"column":28}},"loc":{"start":{"line":47,"column":43},"end":{"line":51,"column":null}},"line":47},"5":{"name":"(anonymous_5)","decl":{"start":{"line":53,"column":34},"end":{"line":53,"column":46}},"loc":{"start":{"line":53,"column":46},"end":{"line":136,"column":null}},"line":53},"6":{"name":"(anonymous_6)","decl":{"start":{"line":71,"column":41},"end":{"line":71,"column":47}},"loc":{"start":{"line":71,"column":47},"end":{"line":76,"column":7}},"line":71},"7":{"name":"(anonymous_7)","decl":{"start":{"line":72,"column":18},"end":{"line":72,"column":26}},"loc":{"start":{"line":72,"column":26},"end":{"line":75,"column":7}},"line":72},"8":{"name":"(anonymous_8)","decl":{"start":{"line":119,"column":26},"end":{"line":119,"column":34}},"loc":{"start":{"line":119,"column":34},"end":{"line":119,"column":42}},"line":119},"9":{"name":"(anonymous_9)","decl":{"start":{"line":134,"column":17},"end":{"line":134,"column":23}},"loc":{"start":{"line":134,"column":23},"end":{"line":134,"column":39}},"line":134},"10":{"name":"(anonymous_10)","decl":{"start":{"line":138,"column":34},"end":{"line":138,"column":46}},"loc":{"start":{"line":138,"column":46},"end":{"line":200,"column":null}},"line":138},"11":{"name":"(anonymous_11)","decl":{"start":{"line":154,"column":41},"end":{"line":154,"column":47}},"loc":{"start":{"line":154,"column":47},"end":{"line":159,"column":7}},"line":154},"12":{"name":"(anonymous_12)","decl":{"start":{"line":155,"column":18},"end":{"line":155,"column":26}},"loc":{"start":{"line":155,"column":26},"end":{"line":158,"column":7}},"line":155},"13":{"name":"(anonymous_13)","decl":{"start":{"line":183,"column":26},"end":{"line":183,"column":34}},"loc":{"start":{"line":183,"column":34},"end":{"line":183,"column":42}},"line":183},"14":{"name":"(anonymous_14)","decl":{"start":{"line":198,"column":17},"end":{"line":198,"column":23}},"loc":{"start":{"line":198,"column":23},"end":{"line":198,"column":39}},"line":198},"15":{"name":"(anonymous_15)","decl":{"start":{"line":249,"column":23},"end":{"line":249,"column":29}},"loc":{"start":{"line":249,"column":29},"end":{"line":249,"column":null}},"line":249},"16":{"name":"(anonymous_16)","decl":{"start":{"line":259,"column":23},"end":{"line":259,"column":29}},"loc":{"start":{"line":259,"column":29},"end":{"line":259,"column":null}},"line":259},"17":{"name":"(anonymous_17)","decl":{"start":{"line":290,"column":26},"end":{"line":290,"column":27}},"loc":{"start":{"line":290,"column":33},"end":{"line":290,"column":null}},"line":290},"18":{"name":"(anonymous_18)","decl":{"start":{"line":319,"column":22},"end":{"line":319,"column":23}},"loc":{"start":{"line":320,"column":20},"end":{"line":320,"column":null}},"line":320},"19":{"name":"(anonymous_19)","decl":{"start":{"line":322,"column":22},"end":{"line":322,"column":23}},"loc":{"start":{"line":323,"column":20},"end":{"line":323,"column":null}},"line":323},"20":{"name":"(anonymous_20)","decl":{"start":{"line":325,"column":22},"end":{"line":325,"column":23}},"loc":{"start":{"line":326,"column":20},"end":{"line":326,"column":null}},"line":326},"21":{"name":"(anonymous_21)","decl":{"start":{"line":328,"column":21},"end":{"line":328,"column":22}},"loc":{"start":{"line":329,"column":20},"end":{"line":329,"column":null}},"line":329},"22":{"name":"(anonymous_22)","decl":{"start":{"line":331,"column":26},"end":{"line":331,"column":27}},"loc":{"start":{"line":332,"column":20},"end":{"line":332,"column":null}},"line":332},"23":{"name":"(anonymous_23)","decl":{"start":{"line":334,"column":22},"end":{"line":334,"column":23}},"loc":{"start":{"line":335,"column":20},"end":{"line":335,"column":null}},"line":335},"24":{"name":"(anonymous_24)","decl":{"start":{"line":337,"column":22},"end":{"line":337,"column":23}},"loc":{"start":{"line":338,"column":20},"end":{"line":338,"column":null}},"line":338},"25":{"name":"(anonymous_25)","decl":{"start":{"line":340,"column":22},"end":{"line":340,"column":23}},"loc":{"start":{"line":341,"column":20},"end":{"line":341,"column":null}},"line":341},"26":{"name":"(anonymous_26)","decl":{"start":{"line":343,"column":22},"end":{"line":343,"column":23}},"loc":{"start":{"line":344,"column":20},"end":{"line":344,"column":null}},"line":344},"27":{"name":"(anonymous_27)","decl":{"start":{"line":346,"column":24},"end":{"line":346,"column":25}},"loc":{"start":{"line":347,"column":20},"end":{"line":347,"column":null}},"line":347},"28":{"name":"(anonymous_28)","decl":{"start":{"line":349,"column":23},"end":{"line":349,"column":24}},"loc":{"start":{"line":350,"column":20},"end":{"line":350,"column":null}},"line":350}},"branchMap":{"0":{"loc":{"start":{"line":33,"column":6},"end":{"line":35,"column":null}},"type":"if","locations":[{"start":{"line":33,"column":6},"end":{"line":35,"column":null}},{"start":{},"end":{}}],"line":33},"1":{"loc":{"start":{"line":54,"column":4},"end":{"line":57,"column":null}},"type":"if","locations":[{"start":{"line":54,"column":4},"end":{"line":57,"column":null}},{"start":{},"end":{}}],"line":54},"2":{"loc":{"start":{"line":59,"column":4},"end":{"line":62,"column":null}},"type":"if","locations":[{"start":{"line":59,"column":4},"end":{"line":62,"column":null}},{"start":{},"end":{}}],"line":59},"3":{"loc":{"start":{"line":73,"column":8},"end":{"line":73,"column":null}},"type":"if","locations":[{"start":{"line":73,"column":8},"end":{"line":73,"column":null}},{"start":{},"end":{}}],"line":73},"4":{"loc":{"start":{"line":93,"column":20},"end":{"line":93,"column":null}},"type":"binary-expr","locations":[{"start":{"line":93,"column":20},"end":{"line":93,"column":41}},{"start":{"line":93,"column":41},"end":{"line":93,"column":null}}],"line":93},"5":{"loc":{"start":{"line":107,"column":22},"end":{"line":107,"column":null}},"type":"binary-expr","locations":[{"start":{"line":107,"column":22},"end":{"line":107,"column":43}},{"start":{"line":107,"column":43},"end":{"line":107,"column":null}}],"line":107},"6":{"loc":{"start":{"line":122,"column":25},"end":{"line":122,"column":null}},"type":"cond-expr","locations":[{"start":{"line":122,"column":52},"end":{"line":122,"column":70}},{"start":{"line":122,"column":70},"end":{"line":122,"column":null}}],"line":122},"7":{"loc":{"start":{"line":129,"column":27},"end":{"line":129,"column":null}},"type":"cond-expr","locations":[{"start":{"line":129,"column":50},"end":{"line":129,"column":64}},{"start":{"line":129,"column":64},"end":{"line":129,"column":null}}],"line":129},"8":{"loc":{"start":{"line":139,"column":4},"end":{"line":142,"column":null}},"type":"if","locations":[{"start":{"line":139,"column":4},"end":{"line":142,"column":null}},{"start":{},"end":{}}],"line":139},"9":{"loc":{"start":{"line":144,"column":4},"end":{"line":147,"column":null}},"type":"if","locations":[{"start":{"line":144,"column":4},"end":{"line":147,"column":null}},{"start":{},"end":{}}],"line":144},"10":{"loc":{"start":{"line":156,"column":8},"end":{"line":156,"column":null}},"type":"if","locations":[{"start":{"line":156,"column":8},"end":{"line":156,"column":null}},{"start":{},"end":{}}],"line":156},"11":{"loc":{"start":{"line":186,"column":25},"end":{"line":186,"column":null}},"type":"cond-expr","locations":[{"start":{"line":186,"column":52},"end":{"line":186,"column":70}},{"start":{"line":186,"column":70},"end":{"line":186,"column":null}}],"line":186},"12":{"loc":{"start":{"line":193,"column":27},"end":{"line":193,"column":null}},"type":"cond-expr","locations":[{"start":{"line":193,"column":50},"end":{"line":193,"column":64}},{"start":{"line":193,"column":64},"end":{"line":193,"column":null}}],"line":193},"13":{"loc":{"start":{"line":212,"column":9},"end":{"line":216,"column":null}},"type":"binary-expr","locations":[{"start":{"line":212,"column":9},"end":{"line":212,"column":null}},{"start":{"line":213,"column":10},"end":{"line":216,"column":null}}],"line":212},"14":{"loc":{"start":{"line":241,"column":9},"end":{"line":242,"column":null}},"type":"binary-expr","locations":[{"start":{"line":241,"column":9},"end":{"line":241,"column":null}},{"start":{"line":242,"column":10},"end":{"line":242,"column":null}}],"line":241},"15":{"loc":{"start":{"line":251,"column":16},"end":{"line":253,"column":null}},"type":"cond-expr","locations":[{"start":{"line":252,"column":20},"end":{"line":252,"column":null}},{"start":{"line":253,"column":20},"end":{"line":253,"column":null}}],"line":251},"16":{"loc":{"start":{"line":261,"column":16},"end":{"line":263,"column":null}},"type":"cond-expr","locations":[{"start":{"line":262,"column":20},"end":{"line":262,"column":null}},{"start":{"line":263,"column":20},"end":{"line":263,"column":null}}],"line":261},"17":{"loc":{"start":{"line":270,"column":11},"end":{"line":301,"column":null}},"type":"cond-expr","locations":[{"start":{"line":271,"column":12},"end":{"line":285,"column":null}},{"start":{"line":287,"column":12},"end":{"line":301,"column":null}}],"line":270},"18":{"loc":{"start":{"line":273,"column":15},"end":{"line":283,"column":null}},"type":"binary-expr","locations":[{"start":{"line":273,"column":15},"end":{"line":273,"column":null}},{"start":{"line":274,"column":16},"end":{"line":283,"column":null}}],"line":273},"19":{"loc":{"start":{"line":281,"column":21},"end":{"line":281,"column":null}},"type":"cond-expr","locations":[{"start":{"line":281,"column":33},"end":{"line":281,"column":59}},{"start":{"line":281,"column":59},"end":{"line":281,"column":null}}],"line":281},"20":{"loc":{"start":{"line":296,"column":26},"end":{"line":296,"column":null}},"type":"binary-expr","locations":[{"start":{"line":296,"column":26},"end":{"line":296,"column":39}},{"start":{"line":296,"column":39},"end":{"line":296,"column":null}}],"line":296},"21":{"loc":{"start":{"line":299,"column":17},"end":{"line":299,"column":null}},"type":"cond-expr","locations":[{"start":{"line":299,"column":29},"end":{"line":299,"column":55}},{"start":{"line":299,"column":55},"end":{"line":299,"column":null}}],"line":299},"22":{"loc":{"start":{"line":306,"column":9},"end":{"line":309,"column":null}},"type":"binary-expr","locations":[{"start":{"line":306,"column":9},"end":{"line":306,"column":null}},{"start":{"line":307,"column":10},"end":{"line":309,"column":null}}],"line":306},"23":{"loc":{"start":{"line":313,"column":9},"end":{"line":357,"column":null}},"type":"binary-expr","locations":[{"start":{"line":313,"column":9},"end":{"line":313,"column":null}},{"start":{"line":314,"column":10},"end":{"line":357,"column":null}}],"line":313}},"s":{"0":58,"1":58,"2":58,"3":58,"4":58,"5":58,"6":58,"7":58,"8":58,"9":58,"10":58,"11":16,"12":16,"13":16,"14":16,"15":58,"16":0,"17":0,"18":0,"19":0,"20":58,"21":2,"22":2,"23":2,"24":58,"25":0,"26":0,"27":0,"28":0,"29":0,"30":0,"31":0,"32":0,"33":0,"34":0,"35":0,"36":0,"37":0,"38":0,"39":0,"40":0,"41":0,"42":0,"43":0,"44":0,"45":0,"46":0,"47":0,"48":0,"49":0,"50":0,"51":0,"52":0,"53":0,"54":0,"55":0,"56":0,"57":0,"58":0,"59":0,"60":0,"61":0,"62":0,"63":0,"64":0,"65":0,"66":0,"67":0,"68":58,"69":0,"70":0,"71":0,"72":0,"73":0,"74":0,"75":0,"76":0,"77":0,"78":0,"79":0,"80":0,"81":0,"82":0,"83":0,"84":0,"85":0,"86":0,"87":0,"88":0,"89":0,"90":0,"91":0,"92":0,"93":0,"94":0,"95":0,"96":0,"97":0,"98":0,"99":0,"100":0,"101":0,"102":0,"103":0,"104":0,"105":0,"106":58,"107":0,"108":4,"109":20,"110":0,"111":0,"112":0,"113":0,"114":0,"115":0,"116":0,"117":0,"118":0,"119":0,"120":0},"f":{"0":58,"1":16,"2":16,"3":0,"4":2,"5":0,"6":0,"7":0,"8":0,"9":0,"10":0,"11":0,"12":0,"13":0,"14":0,"15":0,"16":4,"17":20,"18":0,"19":0,"20":0,"21":0,"22":0,"23":0,"24":0,"25":0,"26":0,"27":0,"28":0},"b":{"0":[16,0],"1":[0,0],"2":[0,0],"3":[0,0],"4":[0,0],"5":[0,0],"6":[0,0],"7":[0,0],"8":[0,0],"9":[0,0],"10":[0,0],"11":[0,0],"12":[0,0],"13":[58,0],"14":[58,42],"15":[34,24],"16":[24,34],"17":[34,24],"18":[34,2],"19":[0,2],"20":[24,24],"21":[0,24],"22":[58,0],"23":[58,0]},"meta":{"lastBranch":24,"lastFunction":29,"lastStatement":121,"seen":{"f:16:24:16:36":0,"s:17:38:17:Infinity":0,"s:18:32:18:Infinity":1,"s:19:28:19:Infinity":2,"s:20:32:20:Infinity":3,"s:21:24:21:Infinity":4,"s:22:40:22:Infinity":5,"s:23:26:23:Infinity":6,"s:24:42:24:Infinity":7,"s:25:30:25:Infinity":8,"s:28:21:28:Infinity":9,"s:31:2:38:Infinity":10,"f:31:12:31:18":1,"s:32:24:36:Infinity":11,"f:32:48:32:49":2,"b:33:6:35:Infinity:undefined:undefined:undefined:undefined":0,"s:33:6:35:Infinity":12,"s:34:8:34:Infinity":13,"s:37:4:37:Infinity":14,"s:40:38:45:Infinity":15,"f:40:38:40:39":3,"s:41:4:41:Infinity":16,"s:42:4:42:Infinity":17,"s:43:4:43:Infinity":18,"s:44:4:44:Infinity":19,"s:47:27:51:Infinity":20,"f:47:27:47:28":4,"s:48:4:48:Infinity":21,"s:49:4:49:Infinity":22,"s:50:4:50:Infinity":23,"s:53:34:136:Infinity":24,"f:53:34:53:46":5,"b:54:4:57:Infinity:undefined:undefined:undefined:undefined":1,"s:54:4:57:Infinity":25,"s:55:6:55:Infinity":26,"s:56:6:56:Infinity":27,"b:59:4:62:Infinity:undefined:undefined:undefined:undefined":2,"s:59:4:62:Infinity":28,"s:60:6:60:Infinity":29,"s:61:6:61:Infinity":30,"s:64:4:64:Infinity":31,"s:66:4:66:Infinity":32,"s:67:4:67:Infinity":33,"s:68:4:68:Infinity":34,"s:71:29:76:Infinity":35,"f:71:41:71:47":6,"s:72:6:75:Infinity":36,"f:72:18:72:26":7,"b:73:8:73:Infinity:undefined:undefined:undefined:undefined":3,"s:73:8:73:Infinity":37,"s:73:24:73:Infinity":38,"s:74:8:74:Infinity":39,"s:78:4:135:Infinity":40,"s:79:21:79:Infinity":41,"s:80:6:80:Infinity":42,"s:81:6:81:Infinity":43,"s:82:6:82:Infinity":44,"s:85:6:126:Infinity":45,"s:86:25:86:Infinity":46,"s:87:8:87:Infinity":47,"s:88:8:97:Infinity":48,"b:93:20:93:41:93:41:93:Infinity":4,"s:98:8:98:Infinity":49,"s:101:8:115:Infinity":50,"s:102:10:110:Infinity":51,"b:107:22:107:43:107:43:107:Infinity":5,"s:111:10:111:Infinity":52,"s:113:10:113:Infinity":53,"s:117:8:117:Infinity":54,"s:119:8:119:Infinity":55,"f:119:26:119:34":8,"s:119:34:119:42":56,"s:121:8:121:Infinity":57,"s:122:25:122:Infinity":58,"b:122:52:122:70:122:70:122:Infinity":6,"s:123:8:123:Infinity":59,"s:125:8:125:Infinity":60,"s:128:6:128:Infinity":61,"s:129:27:129:Infinity":62,"b:129:50:129:64:129:64:129:Infinity":7,"s:130:6:130:Infinity":63,"s:132:6:132:Infinity":64,"s:133:6:133:Infinity":65,"s:134:6:134:Infinity":66,"f:134:17:134:23":9,"s:134:23:134:39":67,"s:138:34:200:Infinity":68,"f:138:34:138:46":10,"b:139:4:142:Infinity:undefined:undefined:undefined:undefined":8,"s:139:4:142:Infinity":69,"s:140:6:140:Infinity":70,"s:141:6:141:Infinity":71,"b:144:4:147:Infinity:undefined:undefined:undefined:undefined":9,"s:144:4:147:Infinity":72,"s:145:6:145:Infinity":73,"s:146:6:146:Infinity":74,"s:149:4:149:Infinity":75,"s:150:4:150:Infinity":76,"s:151:4:151:Infinity":77,"s:154:29:159:Infinity":78,"f:154:41:154:47":11,"s:155:6:158:Infinity":79,"f:155:18:155:26":12,"b:156:8:156:Infinity:undefined:undefined:undefined:undefined":10,"s:156:8:156:Infinity":80,"s:156:24:156:Infinity":81,"s:157:8:157:Infinity":82,"s:161:4:199:Infinity":83,"s:162:21:162:Infinity":84,"s:163:6:163:Infinity":85,"s:164:6:164:Infinity":86,"s:167:6:190:Infinity":87,"s:168:25:168:Infinity":88,"s:169:8:169:Infinity":89,"s:170:8:179:Infinity":90,"s:180:8:180:Infinity":91,"s:181:8:181:Infinity":92,"s:183:8:183:Infinity":93,"f:183:26:183:34":13,"s:183:34:183:42":94,"s:185:8:185:Infinity":95,"s:186:25:186:Infinity":96,"b:186:52:186:70:186:70:186:Infinity":11,"s:187:8:187:Infinity":97,"s:189:8:189:Infinity":98,"s:192:6:192:Infinity":99,"s:193:27:193:Infinity":100,"b:193:50:193:64:193:64:193:Infinity":12,"s:194:6:194:Infinity":101,"s:196:6:196:Infinity":102,"s:197:6:197:Infinity":103,"s:198:6:198:Infinity":104,"f:198:17:198:23":14,"s:198:23:198:39":105,"s:202:2:361:Infinity":106,"b:212:9:212:Infinity:213:10:216:Infinity":13,"b:241:9:241:Infinity:242:10:242:Infinity":14,"f:249:23:249:29":15,"s:249:29:249:Infinity":107,"b:252:20:252:Infinity:253:20:253:Infinity":15,"f:259:23:259:29":16,"s:259:29:259:Infinity":108,"b:262:20:262:Infinity:263:20:263:Infinity":16,"b:271:12:285:Infinity:287:12:301:Infinity":17,"b:273:15:273:Infinity:274:16:283:Infinity":18,"b:281:33:281:59:281:59:281:Infinity":19,"f:290:26:290:27":17,"s:290:33:290:Infinity":109,"b:296:26:296:39:296:39:296:Infinity":20,"b:299:29:299:55:299:55:299:Infinity":21,"b:306:9:306:Infinity:307:10:309:Infinity":22,"b:313:9:313:Infinity:314:10:357:Infinity":23,"f:319:22:319:23":18,"s:320:20:320:Infinity":110,"f:322:22:322:23":19,"s:323:20:323:Infinity":111,"f:325:22:325:23":20,"s:326:20:326:Infinity":112,"f:328:21:328:22":21,"s:329:20:329:Infinity":113,"f:331:26:331:27":22,"s:332:20:332:Infinity":114,"f:334:22:334:23":23,"s:335:20:335:Infinity":115,"f:337:22:337:23":24,"s:338:20:338:Infinity":116,"f:340:22:340:23":25,"s:341:20:341:Infinity":117,"f:343:22:343:23":26,"s:344:20:344:Infinity":118,"f:346:24:346:25":27,"s:347:20:347:Infinity":119,"f:349:23:349:24":28,"s:350:20:350:Infinity":120}}}
,"/Users/bryanwitherspoon/Desktop/Coding Projects/Clarity/src/pages/ProfilePage.tsx": {"path":"/Users/bryanwitherspoon/Desktop/Coding Projects/Clarity/src/pages/ProfilePage.tsx","statementMap":{"0":{"start":{"line":30,"column":8},"end":{"line":30,"column":null}},"1":{"start":{"line":31,"column":22},"end":{"line":31,"column":null}},"2":{"start":{"line":32,"column":24},"end":{"line":38,"column":null}},"3":{"start":{"line":39,"column":28},"end":{"line":39,"column":null}},"4":{"start":{"line":40,"column":24},"end":{"line":40,"column":null}},"5":{"start":{"line":41,"column":46},"end":{"line":41,"column":null}},"6":{"start":{"line":42,"column":44},"end":{"line":42,"column":null}},"7":{"start":{"line":43,"column":32},"end":{"line":43,"column":null}},"8":{"start":{"line":44,"column":36},"end":{"line":44,"column":null}},"9":{"start":{"line":45,"column":50},"end":{"line":45,"column":null}},"10":{"start":{"line":46,"column":38},"end":{"line":50,"column":null}},"11":{"start":{"line":51,"column":40},"end":{"line":51,"column":null}},"12":{"start":{"line":52,"column":44},"end":{"line":52,"column":null}},"13":{"start":{"line":53,"column":52},"end":{"line":53,"column":null}},"14":{"start":{"line":54,"column":54},"end":{"line":54,"column":null}},"15":{"start":{"line":55,"column":48},"end":{"line":55,"column":null}},"16":{"start":{"line":56,"column":48},"end":{"line":56,"column":null}},"17":{"start":{"line":57,"column":36},"end":{"line":57,"column":null}},"18":{"start":{"line":58,"column":50},"end":{"line":58,"column":null}},"19":{"start":{"line":59,"column":52},"end":{"line":59,"column":null}},"20":{"start":{"line":60,"column":42},"end":{"line":60,"column":null}},"21":{"start":{"line":61,"column":44},"end":{"line":61,"column":null}},"22":{"start":{"line":62,"column":40},"end":{"line":62,"column":null}},"23":{"start":{"line":63,"column":44},"end":{"line":63,"column":null}},"24":{"start":{"line":64,"column":54},"end":{"line":64,"column":null}},"25":{"start":{"line":66,"column":2},"end":{"line":95,"column":null}},"26":{"start":{"line":67,"column":24},"end":{"line":92,"column":null}},"27":{"start":{"line":68,"column":6},"end":{"line":91,"column":null}},"28":{"start":{"line":69,"column":8},"end":{"line":88,"column":null}},"29":{"start":{"line":71,"column":43},"end":{"line":77,"column":null}},"30":{"start":{"line":78,"column":10},"end":{"line":78,"column":null}},"31":{"start":{"line":81,"column":28},"end":{"line":81,"column":null}},"32":{"start":{"line":82,"column":10},"end":{"line":82,"column":null}},"33":{"start":{"line":84,"column":10},"end":{"line":84,"column":null}},"34":{"start":{"line":85,"column":10},"end":{"line":85,"column":null}},"35":{"start":{"line":87,"column":10},"end":{"line":87,"column":null}},"36":{"start":{"line":90,"column":8},"end":{"line":90,"column":null}},"37":{"start":{"line":94,"column":4},"end":{"line":94,"column":null}},"38":{"start":{"line":97,"column":23},"end":{"line":124,"column":null}},"39":{"start":{"line":98,"column":4},"end":{"line":123,"column":null}},"40":{"start":{"line":99,"column":24},"end":{"line":99,"column":null}},"41":{"start":{"line":100,"column":24},"end":{"line":100,"column":null}},"42":{"start":{"line":103,"column":29},"end":{"line":103,"column":null}},"43":{"start":{"line":103,"column":66},"end":{"line":103,"column":91}},"44":{"start":{"line":104,"column":30},"end":{"line":104,"column":null}},"45":{"start":{"line":104,"column":67},"end":{"line":104,"column":92}},"46":{"start":{"line":105,"column":27},"end":{"line":105,"column":null}},"47":{"start":{"line":107,"column":6},"end":{"line":113,"column":null}},"48":{"start":{"line":115,"column":6},"end":{"line":115,"column":null}},"49":{"start":{"line":116,"column":6},"end":{"line":122,"column":null}},"50":{"start":{"line":126,"column":23},"end":{"line":135,"column":null}},"51":{"start":{"line":127,"column":4},"end":{"line":134,"column":null}},"52":{"start":{"line":128,"column":6},"end":{"line":128,"column":null}},"53":{"start":{"line":130,"column":6},"end":{"line":130,"column":null}},"54":{"start":{"line":132,"column":6},"end":{"line":132,"column":null}},"55":{"start":{"line":133,"column":6},"end":{"line":133,"column":null}},"56":{"start":{"line":137,"column":35},"end":{"line":141,"column":null}},"57":{"start":{"line":138,"column":4},"end":{"line":138,"column":null}},"58":{"start":{"line":139,"column":4},"end":{"line":139,"column":null}},"59":{"start":{"line":140,"column":4},"end":{"line":140,"column":null}},"60":{"start":{"line":143,"column":37},"end":{"line":198,"column":null}},"61":{"start":{"line":145,"column":4},"end":{"line":148,"column":null}},"62":{"start":{"line":146,"column":6},"end":{"line":146,"column":null}},"63":{"start":{"line":147,"column":6},"end":{"line":147,"column":null}},"64":{"start":{"line":150,"column":4},"end":{"line":150,"column":null}},"65":{"start":{"line":151,"column":4},"end":{"line":151,"column":null}},"66":{"start":{"line":153,"column":4},"end":{"line":197,"column":null}},"67":{"start":{"line":155,"column":30},"end":{"line":160,"column":null}},"68":{"start":{"line":156,"column":28},"end":{"line":159,"column":null}},"69":{"start":{"line":157,"column":10},"end":{"line":157,"column":null}},"70":{"start":{"line":158,"column":10},"end":{"line":158,"column":null}},"71":{"start":{"line":162,"column":6},"end":{"line":166,"column":null}},"72":{"start":{"line":163,"column":8},"end":{"line":163,"column":null}},"73":{"start":{"line":164,"column":8},"end":{"line":164,"column":null}},"74":{"start":{"line":165,"column":8},"end":{"line":165,"column":null}},"75":{"start":{"line":169,"column":6},"end":{"line":175,"column":null}},"76":{"start":{"line":170,"column":8},"end":{"line":170,"column":null}},"77":{"start":{"line":171,"column":8},"end":{"line":171,"column":null}},"78":{"start":{"line":173,"column":8},"end":{"line":173,"column":null}},"79":{"start":{"line":178,"column":6},"end":{"line":178,"column":null}},"80":{"start":{"line":181,"column":6},"end":{"line":181,"column":null}},"81":{"start":{"line":183,"column":6},"end":{"line":183,"column":null}},"82":{"start":{"line":184,"column":25},"end":{"line":184,"column":null}},"83":{"start":{"line":186,"column":6},"end":{"line":192,"column":null}},"84":{"start":{"line":187,"column":8},"end":{"line":191,"column":null}},"85":{"start":{"line":188,"column":10},"end":{"line":188,"column":null}},"86":{"start":{"line":190,"column":10},"end":{"line":190,"column":null}},"87":{"start":{"line":194,"column":6},"end":{"line":194,"column":null}},"88":{"start":{"line":196,"column":6},"end":{"line":196,"column":null}},"89":{"start":{"line":200,"column":30},"end":{"line":202,"column":null}},"90":{"start":{"line":201,"column":4},"end":{"line":201,"column":null}},"91":{"start":{"line":204,"column":29},"end":{"line":247,"column":null}},"92":{"start":{"line":205,"column":4},"end":{"line":208,"column":null}},"93":{"start":{"line":206,"column":6},"end":{"line":206,"column":null}},"94":{"start":{"line":207,"column":6},"end":{"line":207,"column":null}},"95":{"start":{"line":210,"column":4},"end":{"line":210,"column":null}},"96":{"start":{"line":211,"column":4},"end":{"line":211,"column":null}},"97":{"start":{"line":213,"column":4},"end":{"line":246,"column":null}},"98":{"start":{"line":216,"column":23},"end":{"line":227,"column":null}},"99":{"start":{"line":229,"column":6},"end":{"line":231,"column":null}},"100":{"start":{"line":230,"column":8},"end":{"line":230,"column":null}},"101":{"start":{"line":233,"column":6},"end":{"line":233,"column":null}},"102":{"start":{"line":234,"column":6},"end":{"line":234,"column":null}},"103":{"start":{"line":237,"column":6},"end":{"line":240,"column":null}},"104":{"start":{"line":238,"column":8},"end":{"line":238,"column":null}},"105":{"start":{"line":239,"column":8},"end":{"line":239,"column":null}},"106":{"start":{"line":242,"column":6},"end":{"line":242,"column":null}},"107":{"start":{"line":243,"column":6},"end":{"line":243,"column":null}},"108":{"start":{"line":245,"column":6},"end":{"line":245,"column":null}},"109":{"start":{"line":249,"column":33},"end":{"line":254,"column":null}},"110":{"start":{"line":250,"column":4},"end":{"line":250,"column":null}},"111":{"start":{"line":251,"column":4},"end":{"line":251,"column":null}},"112":{"start":{"line":252,"column":4},"end":{"line":252,"column":null}},"113":{"start":{"line":253,"column":4},"end":{"line":253,"column":null}},"114":{"start":{"line":256,"column":28},"end":{"line":300,"column":null}},"115":{"start":{"line":257,"column":4},"end":{"line":260,"column":null}},"116":{"start":{"line":258,"column":6},"end":{"line":258,"column":null}},"117":{"start":{"line":259,"column":6},"end":{"line":259,"column":null}},"118":{"start":{"line":262,"column":4},"end":{"line":262,"column":null}},"119":{"start":{"line":263,"column":4},"end":{"line":263,"column":null}},"120":{"start":{"line":265,"column":4},"end":{"line":299,"column":null}},"121":{"start":{"line":267,"column":30},"end":{"line":272,"column":null}},"122":{"start":{"line":268,"column":28},"end":{"line":271,"column":null}},"123":{"start":{"line":269,"column":10},"end":{"line":269,"column":null}},"124":{"start":{"line":270,"column":10},"end":{"line":270,"column":null}},"125":{"start":{"line":274,"column":6},"end":{"line":278,"column":null}},"126":{"start":{"line":275,"column":8},"end":{"line":275,"column":null}},"127":{"start":{"line":276,"column":8},"end":{"line":276,"column":null}},"128":{"start":{"line":277,"column":8},"end":{"line":277,"column":null}},"129":{"start":{"line":280,"column":6},"end":{"line":282,"column":null}},"130":{"start":{"line":285,"column":6},"end":{"line":285,"column":null}},"131":{"start":{"line":285,"column":22},"end":{"line":285,"column":84}},"132":{"start":{"line":286,"column":6},"end":{"line":286,"column":null}},"133":{"start":{"line":289,"column":6},"end":{"line":292,"column":null}},"134":{"start":{"line":290,"column":8},"end":{"line":290,"column":null}},"135":{"start":{"line":291,"column":8},"end":{"line":291,"column":null}},"136":{"start":{"line":294,"column":6},"end":{"line":294,"column":null}},"137":{"start":{"line":295,"column":27},"end":{"line":295,"column":null}},"138":{"start":{"line":296,"column":6},"end":{"line":296,"column":null}},"139":{"start":{"line":298,"column":6},"end":{"line":298,"column":null}},"140":{"start":{"line":302,"column":36},"end":{"line":307,"column":null}},"141":{"start":{"line":303,"column":4},"end":{"line":303,"column":null}},"142":{"start":{"line":304,"column":4},"end":{"line":304,"column":null}},"143":{"start":{"line":305,"column":4},"end":{"line":305,"column":null}},"144":{"start":{"line":306,"column":4},"end":{"line":306,"column":null}},"145":{"start":{"line":309,"column":29},"end":{"line":384,"column":null}},"146":{"start":{"line":311,"column":4},"end":{"line":314,"column":null}},"147":{"start":{"line":312,"column":6},"end":{"line":312,"column":null}},"148":{"start":{"line":313,"column":6},"end":{"line":313,"column":null}},"149":{"start":{"line":316,"column":4},"end":{"line":319,"column":null}},"150":{"start":{"line":317,"column":6},"end":{"line":317,"column":null}},"151":{"start":{"line":318,"column":6},"end":{"line":318,"column":null}},"152":{"start":{"line":321,"column":4},"end":{"line":324,"column":null}},"153":{"start":{"line":322,"column":6},"end":{"line":322,"column":null}},"154":{"start":{"line":323,"column":6},"end":{"line":323,"column":null}},"155":{"start":{"line":326,"column":4},"end":{"line":329,"column":null}},"156":{"start":{"line":327,"column":6},"end":{"line":327,"column":null}},"157":{"start":{"line":328,"column":6},"end":{"line":328,"column":null}},"158":{"start":{"line":331,"column":4},"end":{"line":331,"column":null}},"159":{"start":{"line":332,"column":4},"end":{"line":332,"column":null}},"160":{"start":{"line":334,"column":4},"end":{"line":383,"column":null}},"161":{"start":{"line":336,"column":30},"end":{"line":341,"column":null}},"162":{"start":{"line":337,"column":28},"end":{"line":340,"column":null}},"163":{"start":{"line":338,"column":10},"end":{"line":338,"column":null}},"164":{"start":{"line":339,"column":10},"end":{"line":339,"column":null}},"165":{"start":{"line":343,"column":6},"end":{"line":347,"column":null}},"166":{"start":{"line":344,"column":8},"end":{"line":344,"column":null}},"167":{"start":{"line":345,"column":8},"end":{"line":345,"column":null}},"168":{"start":{"line":346,"column":8},"end":{"line":346,"column":null}},"169":{"start":{"line":350,"column":25},"end":{"line":353,"column":null}},"170":{"start":{"line":354,"column":6},"end":{"line":354,"column":null}},"171":{"start":{"line":357,"column":6},"end":{"line":357,"column":null}},"172":{"start":{"line":359,"column":6},"end":{"line":359,"column":null}},"173":{"start":{"line":362,"column":6},"end":{"line":365,"column":null}},"174":{"start":{"line":363,"column":8},"end":{"line":363,"column":null}},"175":{"start":{"line":364,"column":8},"end":{"line":364,"column":null}},"176":{"start":{"line":367,"column":6},"end":{"line":367,"column":null}},"177":{"start":{"line":368,"column":25},"end":{"line":368,"column":null}},"178":{"start":{"line":370,"column":6},"end":{"line":378,"column":null}},"179":{"start":{"line":371,"column":8},"end":{"line":377,"column":null}},"180":{"start":{"line":372,"column":10},"end":{"line":372,"column":null}},"181":{"start":{"line":373,"column":8},"end":{"line":377,"column":null}},"182":{"start":{"line":374,"column":10},"end":{"line":374,"column":null}},"183":{"start":{"line":376,"column":10},"end":{"line":376,"column":null}},"184":{"start":{"line":380,"column":6},"end":{"line":380,"column":null}},"185":{"start":{"line":382,"column":6},"end":{"line":382,"column":null}},"186":{"start":{"line":386,"column":2},"end":{"line":396,"column":null}},"187":{"start":{"line":387,"column":4},"end":{"line":394,"column":null}},"188":{"start":{"line":398,"column":2},"end":{"line":826,"column":null}},"189":{"start":{"line":595,"column":35},"end":{"line":595,"column":null}},"190":{"start":{"line":602,"column":22},"end":{"line":602,"column":null}},"191":{"start":{"line":603,"column":22},"end":{"line":603,"column":null}},"192":{"start":{"line":604,"column":22},"end":{"line":604,"column":null}},"193":{"start":{"line":605,"column":22},"end":{"line":605,"column":null}},"194":{"start":{"line":648,"column":35},"end":{"line":648,"column":null}},"195":{"start":{"line":657,"column":33},"end":{"line":657,"column":null}},"196":{"start":{"line":701,"column":37},"end":{"line":701,"column":null}},"197":{"start":{"line":701,"column":62},"end":{"line":701,"column":107}},"198":{"start":{"line":715,"column":37},"end":{"line":715,"column":null}},"199":{"start":{"line":715,"column":62},"end":{"line":715,"column":103}},"200":{"start":{"line":730,"column":37},"end":{"line":730,"column":null}},"201":{"start":{"line":730,"column":62},"end":{"line":730,"column":107}},"202":{"start":{"line":740,"column":33},"end":{"line":740,"column":null}},"203":{"start":{"line":783,"column":35},"end":{"line":783,"column":null}},"204":{"start":{"line":793,"column":33},"end":{"line":793,"column":null}},"205":{"start":{"line":812,"column":67},"end":{"line":812,"column":98}},"206":{"start":{"line":817,"column":25},"end":{"line":817,"column":null}}},"fnMap":{"0":{"name":"ProfilePage","decl":{"start":{"line":29,"column":24},"end":{"line":29,"column":38}},"loc":{"start":{"line":29,"column":38},"end":{"line":828,"column":null}},"line":29},"1":{"name":"(anonymous_1)","decl":{"start":{"line":66,"column":12},"end":{"line":66,"column":18}},"loc":{"start":{"line":66,"column":18},"end":{"line":95,"column":5}},"line":66},"2":{"name":"(anonymous_2)","decl":{"start":{"line":67,"column":48},"end":{"line":67,"column":55}},"loc":{"start":{"line":67,"column":71},"end":{"line":92,"column":5}},"line":67},"3":{"name":"(anonymous_3)","decl":{"start":{"line":97,"column":23},"end":{"line":97,"column":30}},"loc":{"start":{"line":97,"column":69},"end":{"line":124,"column":null}},"line":97},"4":{"name":"(anonymous_4)","decl":{"start":{"line":103,"column":46},"end":{"line":103,"column":47}},"loc":{"start":{"line":103,"column":66},"end":{"line":103,"column":91}},"line":103},"5":{"name":"(anonymous_5)","decl":{"start":{"line":104,"column":47},"end":{"line":104,"column":48}},"loc":{"start":{"line":104,"column":67},"end":{"line":104,"column":92}},"line":104},"6":{"name":"(anonymous_6)","decl":{"start":{"line":126,"column":23},"end":{"line":126,"column":35}},"loc":{"start":{"line":126,"column":35},"end":{"line":135,"column":null}},"line":126},"7":{"name":"(anonymous_7)","decl":{"start":{"line":137,"column":35},"end":{"line":137,"column":41}},"loc":{"start":{"line":137,"column":41},"end":{"line":141,"column":null}},"line":137},"8":{"name":"(anonymous_8)","decl":{"start":{"line":143,"column":37},"end":{"line":143,"column":49}},"loc":{"start":{"line":143,"column":49},"end":{"line":198,"column":null}},"line":143},"9":{"name":"(anonymous_9)","decl":{"start":{"line":155,"column":61},"end":{"line":155,"column":62}},"loc":{"start":{"line":155,"column":74},"end":{"line":160,"column":7}},"line":155},"10":{"name":"(anonymous_10)","decl":{"start":{"line":156,"column":52},"end":{"line":156,"column":53}},"loc":{"start":{"line":156,"column":62},"end":{"line":159,"column":9}},"line":156},"11":{"name":"(anonymous_11)","decl":{"start":{"line":200,"column":30},"end":{"line":200,"column":36}},"loc":{"start":{"line":200,"column":36},"end":{"line":202,"column":null}},"line":200},"12":{"name":"(anonymous_12)","decl":{"start":{"line":204,"column":29},"end":{"line":204,"column":41}},"loc":{"start":{"line":204,"column":41},"end":{"line":247,"column":null}},"line":204},"13":{"name":"(anonymous_13)","decl":{"start":{"line":237,"column":17},"end":{"line":237,"column":23}},"loc":{"start":{"line":237,"column":23},"end":{"line":240,"column":9}},"line":237},"14":{"name":"(anonymous_14)","decl":{"start":{"line":249,"column":33},"end":{"line":249,"column":39}},"loc":{"start":{"line":249,"column":39},"end":{"line":254,"column":null}},"line":249},"15":{"name":"(anonymous_15)","decl":{"start":{"line":256,"column":28},"end":{"line":256,"column":40}},"loc":{"start":{"line":256,"column":40},"end":{"line":300,"column":null}},"line":256},"16":{"name":"(anonymous_16)","decl":{"start":{"line":267,"column":61},"end":{"line":267,"column":62}},"loc":{"start":{"line":267,"column":74},"end":{"line":272,"column":7}},"line":267},"17":{"name":"(anonymous_17)","decl":{"start":{"line":268,"column":52},"end":{"line":268,"column":53}},"loc":{"start":{"line":268,"column":62},"end":{"line":271,"column":9}},"line":268},"18":{"name":"(anonymous_18)","decl":{"start":{"line":285,"column":14},"end":{"line":285,"column":22}},"loc":{"start":{"line":285,"column":22},"end":{"line":285,"column":84}},"line":285},"19":{"name":"(anonymous_19)","decl":{"start":{"line":289,"column":17},"end":{"line":289,"column":23}},"loc":{"start":{"line":289,"column":23},"end":{"line":292,"column":9}},"line":289},"20":{"name":"(anonymous_20)","decl":{"start":{"line":302,"column":36},"end":{"line":302,"column":42}},"loc":{"start":{"line":302,"column":42},"end":{"line":307,"column":null}},"line":302},"21":{"name":"(anonymous_21)","decl":{"start":{"line":309,"column":29},"end":{"line":309,"column":41}},"loc":{"start":{"line":309,"column":41},"end":{"line":384,"column":null}},"line":309},"22":{"name":"(anonymous_22)","decl":{"start":{"line":336,"column":61},"end":{"line":336,"column":62}},"loc":{"start":{"line":336,"column":74},"end":{"line":341,"column":7}},"line":336},"23":{"name":"(anonymous_23)","decl":{"start":{"line":337,"column":52},"end":{"line":337,"column":53}},"loc":{"start":{"line":337,"column":62},"end":{"line":340,"column":9}},"line":337},"24":{"name":"(anonymous_24)","decl":{"start":{"line":362,"column":17},"end":{"line":362,"column":23}},"loc":{"start":{"line":362,"column":23},"end":{"line":365,"column":9}},"line":362},"25":{"name":"(anonymous_25)","decl":{"start":{"line":595,"column":29},"end":{"line":595,"column":35}},"loc":{"start":{"line":595,"column":35},"end":{"line":595,"column":null}},"line":595},"26":{"name":"(anonymous_26)","decl":{"start":{"line":601,"column":29},"end":{"line":601,"column":35}},"loc":{"start":{"line":601,"column":35},"end":{"line":606,"column":null}},"line":601},"27":{"name":"(anonymous_27)","decl":{"start":{"line":648,"column":28},"end":{"line":648,"column":29}},"loc":{"start":{"line":648,"column":35},"end":{"line":648,"column":null}},"line":648},"28":{"name":"(anonymous_28)","decl":{"start":{"line":657,"column":27},"end":{"line":657,"column":33}},"loc":{"start":{"line":657,"column":33},"end":{"line":657,"column":null}},"line":657},"29":{"name":"(anonymous_29)","decl":{"start":{"line":701,"column":30},"end":{"line":701,"column":31}},"loc":{"start":{"line":701,"column":37},"end":{"line":701,"column":null}},"line":701},"30":{"name":"(anonymous_30)","decl":{"start":{"line":701,"column":53},"end":{"line":701,"column":62}},"loc":{"start":{"line":701,"column":62},"end":{"line":701,"column":107}},"line":701},"31":{"name":"(anonymous_31)","decl":{"start":{"line":715,"column":30},"end":{"line":715,"column":31}},"loc":{"start":{"line":715,"column":37},"end":{"line":715,"column":null}},"line":715},"32":{"name":"(anonymous_32)","decl":{"start":{"line":715,"column":53},"end":{"line":715,"column":62}},"loc":{"start":{"line":715,"column":62},"end":{"line":715,"column":103}},"line":715},"33":{"name":"(anonymous_33)","decl":{"start":{"line":730,"column":30},"end":{"line":730,"column":31}},"loc":{"start":{"line":730,"column":37},"end":{"line":730,"column":null}},"line":730},"34":{"name":"(anonymous_34)","decl":{"start":{"line":730,"column":53},"end":{"line":730,"column":62}},"loc":{"start":{"line":730,"column":62},"end":{"line":730,"column":107}},"line":730},"35":{"name":"(anonymous_35)","decl":{"start":{"line":740,"column":27},"end":{"line":740,"column":33}},"loc":{"start":{"line":740,"column":33},"end":{"line":740,"column":null}},"line":740},"36":{"name":"(anonymous_36)","decl":{"start":{"line":783,"column":28},"end":{"line":783,"column":29}},"loc":{"start":{"line":783,"column":35},"end":{"line":783,"column":null}},"line":783},"37":{"name":"(anonymous_37)","decl":{"start":{"line":793,"column":27},"end":{"line":793,"column":33}},"loc":{"start":{"line":793,"column":33},"end":{"line":793,"column":null}},"line":793},"38":{"name":"(anonymous_38)","decl":{"start":{"line":812,"column":61},"end":{"line":812,"column":67}},"loc":{"start":{"line":812,"column":67},"end":{"line":812,"column":98}},"line":812},"39":{"name":"(anonymous_39)","decl":{"start":{"line":817,"column":19},"end":{"line":817,"column":25}},"loc":{"start":{"line":817,"column":25},"end":{"line":817,"column":null}},"line":817}},"branchMap":{"0":{"loc":{"start":{"line":68,"column":6},"end":{"line":91,"column":null}},"type":"if","locations":[{"start":{"line":68,"column":6},"end":{"line":91,"column":null}},{"start":{"line":89,"column":13},"end":{"line":91,"column":null}}],"line":68},"1":{"loc":{"start":{"line":76,"column":32},"end":{"line":76,"column":71}},"type":"binary-expr","locations":[{"start":{"line":76,"column":32},"end":{"line":76,"column":69}},{"start":{"line":76,"column":69},"end":{"line":76,"column":71}}],"line":76},"2":{"loc":{"start":{"line":103,"column":73},"end":{"line":103,"column":91}},"type":"binary-expr","locations":[{"start":{"line":103,"column":73},"end":{"line":103,"column":87}},{"start":{"line":103,"column":87},"end":{"line":103,"column":91}}],"line":103},"3":{"loc":{"start":{"line":104,"column":74},"end":{"line":104,"column":92}},"type":"binary-expr","locations":[{"start":{"line":104,"column":74},"end":{"line":104,"column":88}},{"start":{"line":104,"column":88},"end":{"line":104,"column":92}}],"line":104},"4":{"loc":{"start":{"line":145,"column":4},"end":{"line":148,"column":null}},"type":"if","locations":[{"start":{"line":145,"column":4},"end":{"line":148,"column":null}},{"start":{},"end":{}}],"line":145},"5":{"loc":{"start":{"line":162,"column":6},"end":{"line":166,"column":null}},"type":"if","locations":[{"start":{"line":162,"column":6},"end":{"line":166,"column":null}},{"start":{},"end":{}}],"line":162},"6":{"loc":{"start":{"line":186,"column":6},"end":{"line":192,"column":null}},"type":"if","locations":[{"start":{"line":186,"column":6},"end":{"line":192,"column":null}},{"start":{},"end":{}}],"line":186},"7":{"loc":{"start":{"line":187,"column":8},"end":{"line":191,"column":null}},"type":"if","locations":[{"start":{"line":187,"column":8},"end":{"line":191,"column":null}},{"start":{"line":189,"column":15},"end":{"line":191,"column":null}}],"line":187},"8":{"loc":{"start":{"line":205,"column":4},"end":{"line":208,"column":null}},"type":"if","locations":[{"start":{"line":205,"column":4},"end":{"line":208,"column":null}},{"start":{},"end":{}}],"line":205},"9":{"loc":{"start":{"line":223,"column":20},"end":{"line":223,"column":null}},"type":"binary-expr","locations":[{"start":{"line":223,"column":20},"end":{"line":223,"column":41}},{"start":{"line":223,"column":41},"end":{"line":223,"column":null}}],"line":223},"10":{"loc":{"start":{"line":229,"column":6},"end":{"line":231,"column":null}},"type":"if","locations":[{"start":{"line":229,"column":6},"end":{"line":231,"column":null}},{"start":{},"end":{}}],"line":229},"11":{"loc":{"start":{"line":250,"column":23},"end":{"line":250,"column":46}},"type":"binary-expr","locations":[{"start":{"line":250,"column":23},"end":{"line":250,"column":44}},{"start":{"line":250,"column":44},"end":{"line":250,"column":46}}],"line":250},"12":{"loc":{"start":{"line":257,"column":4},"end":{"line":260,"column":null}},"type":"if","locations":[{"start":{"line":257,"column":4},"end":{"line":260,"column":null}},{"start":{},"end":{}}],"line":257},"13":{"loc":{"start":{"line":274,"column":6},"end":{"line":278,"column":null}},"type":"if","locations":[{"start":{"line":274,"column":6},"end":{"line":278,"column":null}},{"start":{},"end":{}}],"line":274},"14":{"loc":{"start":{"line":285,"column":22},"end":{"line":285,"column":84}},"type":"cond-expr","locations":[{"start":{"line":285,"column":29},"end":{"line":285,"column":80}},{"start":{"line":285,"column":80},"end":{"line":285,"column":84}}],"line":285},"15":{"loc":{"start":{"line":295,"column":27},"end":{"line":295,"column":null}},"type":"cond-expr","locations":[{"start":{"line":295,"column":50},"end":{"line":295,"column":64}},{"start":{"line":295,"column":64},"end":{"line":295,"column":null}}],"line":295},"16":{"loc":{"start":{"line":311,"column":4},"end":{"line":314,"column":null}},"type":"if","locations":[{"start":{"line":311,"column":4},"end":{"line":314,"column":null}},{"start":{},"end":{}}],"line":311},"17":{"loc":{"start":{"line":316,"column":4},"end":{"line":319,"column":null}},"type":"if","locations":[{"start":{"line":316,"column":4},"end":{"line":319,"column":null}},{"start":{},"end":{}}],"line":316},"18":{"loc":{"start":{"line":321,"column":4},"end":{"line":324,"column":null}},"type":"if","locations":[{"start":{"line":321,"column":4},"end":{"line":324,"column":null}},{"start":{},"end":{}}],"line":321},"19":{"loc":{"start":{"line":326,"column":4},"end":{"line":329,"column":null}},"type":"if","locations":[{"start":{"line":326,"column":4},"end":{"line":329,"column":null}},{"start":{},"end":{}}],"line":326},"20":{"loc":{"start":{"line":343,"column":6},"end":{"line":347,"column":null}},"type":"if","locations":[{"start":{"line":343,"column":6},"end":{"line":347,"column":null}},{"start":{},"end":{}}],"line":343},"21":{"loc":{"start":{"line":343,"column":10},"end":{"line":343,"column":54}},"type":"binary-expr","locations":[{"start":{"line":343,"column":10},"end":{"line":343,"column":30}},{"start":{"line":343,"column":30},"end":{"line":343,"column":54}}],"line":343},"22":{"loc":{"start":{"line":370,"column":6},"end":{"line":378,"column":null}},"type":"if","locations":[{"start":{"line":370,"column":6},"end":{"line":378,"column":null}},{"start":{},"end":{}}],"line":370},"23":{"loc":{"start":{"line":371,"column":8},"end":{"line":377,"column":null}},"type":"if","locations":[{"start":{"line":371,"column":8},"end":{"line":377,"column":null}},{"start":{"line":373,"column":8},"end":{"line":377,"column":null}}],"line":371},"24":{"loc":{"start":{"line":373,"column":8},"end":{"line":377,"column":null}},"type":"if","locations":[{"start":{"line":373,"column":8},"end":{"line":377,"column":null}},{"start":{"line":375,"column":15},"end":{"line":377,"column":null}}],"line":373},"25":{"loc":{"start":{"line":386,"column":2},"end":{"line":396,"column":null}},"type":"if","locations":[{"start":{"line":386,"column":2},"end":{"line":396,"column":null}},{"start":{},"end":{}}],"line":386},"26":{"loc":{"start":{"line":412,"column":11},"end":{"line":415,"column":null}},"type":"binary-expr","locations":[{"start":{"line":412,"column":11},"end":{"line":412,"column":null}},{"start":{"line":413,"column":12},"end":{"line":415,"column":null}}],"line":412},"27":{"loc":{"start":{"line":425,"column":17},"end":{"line":425,"column":null}},"type":"binary-expr","locations":[{"start":{"line":425,"column":17},"end":{"line":425,"column":49}},{"start":{"line":425,"column":49},"end":{"line":425,"column":75}},{"start":{"line":425,"column":75},"end":{"line":425,"column":null}}],"line":425},"28":{"loc":{"start":{"line":431,"column":19},"end":{"line":431,"column":null}},"type":"binary-expr","locations":[{"start":{"line":431,"column":19},"end":{"line":431,"column":40}},{"start":{"line":431,"column":40},"end":{"line":431,"column":null}}],"line":431},"29":{"loc":{"start":{"line":624,"column":9},"end":{"line":672,"column":null}},"type":"binary-expr","locations":[{"start":{"line":624,"column":9},"end":{"line":624,"column":null}},{"start":{"line":625,"column":10},"end":{"line":672,"column":null}}],"line":624},"30":{"loc":{"start":{"line":629,"column":15},"end":{"line":632,"column":null}},"type":"binary-expr","locations":[{"start":{"line":629,"column":15},"end":{"line":629,"column":null}},{"start":{"line":630,"column":16},"end":{"line":632,"column":null}}],"line":629},"31":{"loc":{"start":{"line":635,"column":15},"end":{"line":638,"column":null}},"type":"binary-expr","locations":[{"start":{"line":635,"column":15},"end":{"line":635,"column":null}},{"start":{"line":636,"column":16},"end":{"line":638,"column":null}}],"line":635},"32":{"loc":{"start":{"line":668,"column":19},"end":{"line":668,"column":null}},"type":"cond-expr","locations":[{"start":{"line":668,"column":41},"end":{"line":668,"column":55}},{"start":{"line":668,"column":55},"end":{"line":668,"column":null}}],"line":668},"33":{"loc":{"start":{"line":676,"column":9},"end":{"line":755,"column":null}},"type":"binary-expr","locations":[{"start":{"line":676,"column":9},"end":{"line":676,"column":null}},{"start":{"line":677,"column":10},"end":{"line":755,"column":null}}],"line":676},"34":{"loc":{"start":{"line":681,"column":15},"end":{"line":684,"column":null}},"type":"binary-expr","locations":[{"start":{"line":681,"column":15},"end":{"line":681,"column":null}},{"start":{"line":682,"column":16},"end":{"line":684,"column":null}}],"line":681},"35":{"loc":{"start":{"line":687,"column":15},"end":{"line":690,"column":null}},"type":"binary-expr","locations":[{"start":{"line":687,"column":15},"end":{"line":687,"column":null}},{"start":{"line":688,"column":16},"end":{"line":690,"column":null}}],"line":687},"36":{"loc":{"start":{"line":751,"column":19},"end":{"line":751,"column":null}},"type":"cond-expr","locations":[{"start":{"line":751,"column":42},"end":{"line":751,"column":58}},{"start":{"line":751,"column":58},"end":{"line":751,"column":null}}],"line":751},"37":{"loc":{"start":{"line":759,"column":9},"end":{"line":808,"column":null}},"type":"binary-expr","locations":[{"start":{"line":759,"column":9},"end":{"line":759,"column":null}},{"start":{"line":760,"column":10},"end":{"line":808,"column":null}}],"line":759},"38":{"loc":{"start":{"line":770,"column":15},"end":{"line":773,"column":null}},"type":"binary-expr","locations":[{"start":{"line":770,"column":15},"end":{"line":770,"column":null}},{"start":{"line":771,"column":16},"end":{"line":773,"column":null}}],"line":770},"39":{"loc":{"start":{"line":801,"column":28},"end":{"line":801,"column":null}},"type":"binary-expr","locations":[{"start":{"line":801,"column":28},"end":{"line":801,"column":50}},{"start":{"line":801,"column":50},"end":{"line":801,"column":null}}],"line":801},"40":{"loc":{"start":{"line":804,"column":19},"end":{"line":804,"column":null}},"type":"cond-expr","locations":[{"start":{"line":804,"column":40},"end":{"line":804,"column":56}},{"start":{"line":804,"column":56},"end":{"line":804,"column":null}}],"line":804}},"s":{"0":45,"1":45,"2":45,"3":45,"4":45,"5":45,"6":45,"7":45,"8":45,"9":45,"10":45,"11":45,"12":45,"13":45,"14":45,"15":45,"16":45,"17":45,"18":45,"19":45,"20":45,"21":45,"22":45,"23":45,"24":45,"25":45,"26":21,"27":21,"28":21,"29":21,"30":21,"31":21,"32":0,"33":21,"34":21,"35":21,"36":0,"37":21,"38":45,"39":0,"40":0,"41":0,"42":0,"43":0,"44":0,"45":0,"46":0,"47":0,"48":0,"49":0,"50":45,"51":0,"52":0,"53":0,"54":0,"55":0,"56":45,"57":1,"58":1,"59":1,"60":45,"61":0,"62":0,"63":0,"64":0,"65":0,"66":0,"67":0,"68":0,"69":0,"70":0,"71":0,"72":0,"73":0,"74":0,"75":0,"76":0,"77":0,"78":0,"79":0,"80":0,"81":0,"82":0,"83":0,"84":0,"85":0,"86":0,"87":0,"88":0,"89":45,"90":1,"91":45,"92":0,"93":0,"94":0,"95":0,"96":0,"97":0,"98":0,"99":0,"100":0,"101":0,"102":0,"103":0,"104":0,"105":0,"106":0,"107":0,"108":0,"109":45,"110":0,"111":0,"112":0,"113":0,"114":45,"115":0,"116":0,"117":0,"118":0,"119":0,"120":0,"121":0,"122":0,"123":0,"124":0,"125":0,"126":0,"127":0,"128":0,"129":0,"130":0,"131":0,"132":0,"133":0,"134":0,"135":0,"136":0,"137":0,"138":0,"139":0,"140":45,"141":0,"142":0,"143":0,"144":0,"145":45,"146":0,"147":0,"148":0,"149":0,"150":0,"151":0,"152":0,"153":0,"154":0,"155":0,"156":0,"157":0,"158":0,"159":0,"160":0,"161":0,"162":0,"163":0,"164":0,"165":0,"166":0,"167":0,"168":0,"169":0,"170":0,"171":0,"172":0,"173":0,"174":0,"175":0,"176":0,"177":0,"178":0,"179":0,"180":0,"181":0,"182":0,"183":0,"184":0,"185":0,"186":45,"187":21,"188":24,"189":1,"190":1,"191":1,"192":1,"193":1,"194":0,"195":0,"196":0,"197":0,"198":0,"199":0,"200":0,"201":0,"202":0,"203":0,"204":0,"205":0,"206":0},"f":{"0":45,"1":21,"2":21,"3":0,"4":0,"5":0,"6":0,"7":1,"8":0,"9":0,"10":0,"11":1,"12":0,"13":0,"14":0,"15":0,"16":0,"17":0,"18":0,"19":0,"20":0,"21":0,"22":0,"23":0,"24":0,"25":1,"26":1,"27":0,"28":0,"29":0,"30":0,"31":0,"32":0,"33":0,"34":0,"35":0,"36":0,"37":0,"38":0,"39":0},"b":{"0":[21,0],"1":[21,0],"2":[0,0],"3":[0,0],"4":[0,0],"5":[0,0],"6":[0,0],"7":[0,0],"8":[0,0],"9":[0,0],"10":[0,0],"11":[0,0],"12":[0,0],"13":[0,0],"14":[0,0],"15":[0,0],"16":[0,0],"17":[0,0],"18":[0,0],"19":[0,0],"20":[0,0],"21":[0,0],"22":[0,0],"23":[0,0],"24":[0,0],"25":[21,24],"26":[24,24],"27":[45,24,24],"28":[45,24],"29":[45,0],"30":[0,0],"31":[0,0],"32":[0,0],"33":[45,0],"34":[0,0],"35":[0,0],"36":[0,0],"37":[45,1],"38":[1,0],"39":[1,1],"40":[0,1]},"meta":{"lastBranch":41,"lastFunction":40,"lastStatement":207,"seen":{"f:29:24:29:38":0,"s:30:8:30:Infinity":0,"s:31:22:31:Infinity":1,"s:32:24:38:Infinity":2,"s:39:28:39:Infinity":3,"s:40:24:40:Infinity":4,"s:41:46:41:Infinity":5,"s:42:44:42:Infinity":6,"s:43:32:43:Infinity":7,"s:44:36:44:Infinity":8,"s:45:50:45:Infinity":9,"s:46:38:50:Infinity":10,"s:51:40:51:Infinity":11,"s:52:44:52:Infinity":12,"s:53:52:53:Infinity":13,"s:54:54:54:Infinity":14,"s:55:48:55:Infinity":15,"s:56:48:56:Infinity":16,"s:57:36:57:Infinity":17,"s:58:50:58:Infinity":18,"s:59:52:59:Infinity":19,"s:60:42:60:Infinity":20,"s:61:44:61:Infinity":21,"s:62:40:62:Infinity":22,"s:63:44:63:Infinity":23,"s:64:54:64:Infinity":24,"s:66:2:95:Infinity":25,"f:66:12:66:18":1,"s:67:24:92:Infinity":26,"f:67:48:67:55":2,"b:68:6:91:Infinity:89:13:91:Infinity":0,"s:68:6:91:Infinity":27,"s:69:8:88:Infinity":28,"s:71:43:77:Infinity":29,"b:76:32:76:69:76:69:76:71":1,"s:78:10:78:Infinity":30,"s:81:28:81:Infinity":31,"s:82:10:82:Infinity":32,"s:84:10:84:Infinity":33,"s:85:10:85:Infinity":34,"s:87:10:87:Infinity":35,"s:90:8:90:Infinity":36,"s:94:4:94:Infinity":37,"s:97:23:124:Infinity":38,"f:97:23:97:30":3,"s:98:4:123:Infinity":39,"s:99:24:99:Infinity":40,"s:100:24:100:Infinity":41,"s:103:29:103:Infinity":42,"f:103:46:103:47":4,"s:103:66:103:91":43,"b:103:73:103:87:103:87:103:91":2,"s:104:30:104:Infinity":44,"f:104:47:104:48":5,"s:104:67:104:92":45,"b:104:74:104:88:104:88:104:92":3,"s:105:27:105:Infinity":46,"s:107:6:113:Infinity":47,"s:115:6:115:Infinity":48,"s:116:6:122:Infinity":49,"s:126:23:135:Infinity":50,"f:126:23:126:35":6,"s:127:4:134:Infinity":51,"s:128:6:128:Infinity":52,"s:130:6:130:Infinity":53,"s:132:6:132:Infinity":54,"s:133:6:133:Infinity":55,"s:137:35:141:Infinity":56,"f:137:35:137:41":7,"s:138:4:138:Infinity":57,"s:139:4:139:Infinity":58,"s:140:4:140:Infinity":59,"s:143:37:198:Infinity":60,"f:143:37:143:49":8,"b:145:4:148:Infinity:undefined:undefined:undefined:undefined":4,"s:145:4:148:Infinity":61,"s:146:6:146:Infinity":62,"s:147:6:147:Infinity":63,"s:150:4:150:Infinity":64,"s:151:4:151:Infinity":65,"s:153:4:197:Infinity":66,"s:155:30:160:Infinity":67,"f:155:61:155:62":9,"s:156:28:159:Infinity":68,"f:156:52:156:53":10,"s:157:10:157:Infinity":69,"s:158:10:158:Infinity":70,"b:162:6:166:Infinity:undefined:undefined:undefined:undefined":5,"s:162:6:166:Infinity":71,"s:163:8:163:Infinity":72,"s:164:8:164:Infinity":73,"s:165:8:165:Infinity":74,"s:169:6:175:Infinity":75,"s:170:8:170:Infinity":76,"s:171:8:171:Infinity":77,"s:173:8:173:Infinity":78,"s:178:6:178:Infinity":79,"s:181:6:181:Infinity":80,"s:183:6:183:Infinity":81,"s:184:25:184:Infinity":82,"b:186:6:192:Infinity:undefined:undefined:undefined:undefined":6,"s:186:6:192:Infinity":83,"b:187:8:191:Infinity:189:15:191:Infinity":7,"s:187:8:191:Infinity":84,"s:188:10:188:Infinity":85,"s:190:10:190:Infinity":86,"s:194:6:194:Infinity":87,"s:196:6:196:Infinity":88,"s:200:30:202:Infinity":89,"f:200:30:200:36":11,"s:201:4:201:Infinity":90,"s:204:29:247:Infinity":91,"f:204:29:204:41":12,"b:205:4:208:Infinity:undefined:undefined:undefined:undefined":8,"s:205:4:208:Infinity":92,"s:206:6:206:Infinity":93,"s:207:6:207:Infinity":94,"s:210:4:210:Infinity":95,"s:211:4:211:Infinity":96,"s:213:4:246:Infinity":97,"s:216:23:227:Infinity":98,"b:223:20:223:41:223:41:223:Infinity":9,"b:229:6:231:Infinity:undefined:undefined:undefined:undefined":10,"s:229:6:231:Infinity":99,"s:230:8:230:Infinity":100,"s:233:6:233:Infinity":101,"s:234:6:234:Infinity":102,"s:237:6:240:Infinity":103,"f:237:17:237:23":13,"s:238:8:238:Infinity":104,"s:239:8:239:Infinity":105,"s:242:6:242:Infinity":106,"s:243:6:243:Infinity":107,"s:245:6:245:Infinity":108,"s:249:33:254:Infinity":109,"f:249:33:249:39":14,"s:250:4:250:Infinity":110,"b:250:23:250:44:250:44:250:46":11,"s:251:4:251:Infinity":111,"s:252:4:252:Infinity":112,"s:253:4:253:Infinity":113,"s:256:28:300:Infinity":114,"f:256:28:256:40":15,"b:257:4:260:Infinity:undefined:undefined:undefined:undefined":12,"s:257:4:260:Infinity":115,"s:258:6:258:Infinity":116,"s:259:6:259:Infinity":117,"s:262:4:262:Infinity":118,"s:263:4:263:Infinity":119,"s:265:4:299:Infinity":120,"s:267:30:272:Infinity":121,"f:267:61:267:62":16,"s:268:28:271:Infinity":122,"f:268:52:268:53":17,"s:269:10:269:Infinity":123,"s:270:10:270:Infinity":124,"b:274:6:278:Infinity:undefined:undefined:undefined:undefined":13,"s:274:6:278:Infinity":125,"s:275:8:275:Infinity":126,"s:276:8:276:Infinity":127,"s:277:8:277:Infinity":128,"s:280:6:282:Infinity":129,"s:285:6:285:Infinity":130,"f:285:14:285:22":18,"s:285:22:285:84":131,"b:285:29:285:80:285:80:285:84":14,"s:286:6:286:Infinity":132,"s:289:6:292:Infinity":133,"f:289:17:289:23":19,"s:290:8:290:Infinity":134,"s:291:8:291:Infinity":135,"s:294:6:294:Infinity":136,"s:295:27:295:Infinity":137,"b:295:50:295:64:295:64:295:Infinity":15,"s:296:6:296:Infinity":138,"s:298:6:298:Infinity":139,"s:302:36:307:Infinity":140,"f:302:36:302:42":20,"s:303:4:303:Infinity":141,"s:304:4:304:Infinity":142,"s:305:4:305:Infinity":143,"s:306:4:306:Infinity":144,"s:309:29:384:Infinity":145,"f:309:29:309:41":21,"b:311:4:314:Infinity:undefined:undefined:undefined:undefined":16,"s:311:4:314:Infinity":146,"s:312:6:312:Infinity":147,"s:313:6:313:Infinity":148,"b:316:4:319:Infinity:undefined:undefined:undefined:undefined":17,"s:316:4:319:Infinity":149,"s:317:6:317:Infinity":150,"s:318:6:318:Infinity":151,"b:321:4:324:Infinity:undefined:undefined:undefined:undefined":18,"s:321:4:324:Infinity":152,"s:322:6:322:Infinity":153,"s:323:6:323:Infinity":154,"b:326:4:329:Infinity:undefined:undefined:undefined:undefined":19,"s:326:4:329:Infinity":155,"s:327:6:327:Infinity":156,"s:328:6:328:Infinity":157,"s:331:4:331:Infinity":158,"s:332:4:332:Infinity":159,"s:334:4:383:Infinity":160,"s:336:30:341:Infinity":161,"f:336:61:336:62":22,"s:337:28:340:Infinity":162,"f:337:52:337:53":23,"s:338:10:338:Infinity":163,"s:339:10:339:Infinity":164,"b:343:6:347:Infinity:undefined:undefined:undefined:undefined":20,"s:343:6:347:Infinity":165,"b:343:10:343:30:343:30:343:54":21,"s:344:8:344:Infinity":166,"s:345:8:345:Infinity":167,"s:346:8:346:Infinity":168,"s:350:25:353:Infinity":169,"s:354:6:354:Infinity":170,"s:357:6:357:Infinity":171,"s:359:6:359:Infinity":172,"s:362:6:365:Infinity":173,"f:362:17:362:23":24,"s:363:8:363:Infinity":174,"s:364:8:364:Infinity":175,"s:367:6:367:Infinity":176,"s:368:25:368:Infinity":177,"b:370:6:378:Infinity:undefined:undefined:undefined:undefined":22,"s:370:6:378:Infinity":178,"b:371:8:377:Infinity:373:8:377:Infinity":23,"s:371:8:377:Infinity":179,"s:372:10:372:Infinity":180,"b:373:8:377:Infinity:375:15:377:Infinity":24,"s:373:8:377:Infinity":181,"s:374:10:374:Infinity":182,"s:376:10:376:Infinity":183,"s:380:6:380:Infinity":184,"s:382:6:382:Infinity":185,"b:386:2:396:Infinity:undefined:undefined:undefined:undefined":25,"s:386:2:396:Infinity":186,"s:387:4:394:Infinity":187,"s:398:2:826:Infinity":188,"b:412:11:412:Infinity:413:12:415:Infinity":26,"b:425:17:425:49:425:49:425:75:425:75:425:Infinity":27,"b:431:19:431:40:431:40:431:Infinity":28,"f:595:29:595:35":25,"s:595:35:595:Infinity":189,"f:601:29:601:35":26,"s:602:22:602:Infinity":190,"s:603:22:603:Infinity":191,"s:604:22:604:Infinity":192,"s:605:22:605:Infinity":193,"b:624:9:624:Infinity:625:10:672:Infinity":29,"b:629:15:629:Infinity:630:16:632:Infinity":30,"b:635:15:635:Infinity:636:16:638:Infinity":31,"f:648:28:648:29":27,"s:648:35:648:Infinity":194,"f:657:27:657:33":28,"s:657:33:657:Infinity":195,"b:668:41:668:55:668:55:668:Infinity":32,"b:676:9:676:Infinity:677:10:755:Infinity":33,"b:681:15:681:Infinity:682:16:684:Infinity":34,"b:687:15:687:Infinity:688:16:690:Infinity":35,"f:701:30:701:31":29,"s:701:37:701:Infinity":196,"f:701:53:701:62":30,"s:701:62:701:107":197,"f:715:30:715:31":31,"s:715:37:715:Infinity":198,"f:715:53:715:62":32,"s:715:62:715:103":199,"f:730:30:730:31":33,"s:730:37:730:Infinity":200,"f:730:53:730:62":34,"s:730:62:730:107":201,"f:740:27:740:33":35,"s:740:33:740:Infinity":202,"b:751:42:751:58:751:58:751:Infinity":36,"b:759:9:759:Infinity:760:10:808:Infinity":37,"b:770:15:770:Infinity:771:16:773:Infinity":38,"f:783:28:783:29":36,"s:783:35:783:Infinity":203,"f:793:27:793:33":37,"s:793:33:793:Infinity":204,"b:801:28:801:50:801:50:801:Infinity":39,"b:804:40:804:56:804:56:804:Infinity":40,"f:812:61:812:67":38,"s:812:67:812:98":205,"f:817:19:817:25":39,"s:817:25:817:Infinity":206}}}
}
